2017-10-20 12:01:29,134 INFO  [main] namenode.SecondaryNameNode (LogAdapter.java:info(45)) - STARTUP_MSG: 
/************************************************************
STARTUP_MSG: Starting SecondaryNameNode
STARTUP_MSG:   host = c101.localdomain/10.4.1.102
STARTUP_MSG:   args = []
STARTUP_MSG:   version = 2.7.2
STARTUP_MSG:   classpath = /home/zsthampi/csc548_parallel_systems/hw4/p3/hadoop/etc/hadoop:/home/zsthampi/csc548_parallel_systems/hw4/p3/hadoop/share/hadoop/common/lib/avro-1.7.4.jar:/home/zsthampi/csc548_parallel_systems/hw4/p3/hadoop/share/hadoop/common/lib/activation-1.1.jar:/home/zsthampi/csc548_parallel_systems/hw4/p3/hadoop/share/hadoop/common/lib/commons-logging-1.1.3.jar:/home/zsthampi/csc548_parallel_systems/hw4/p3/hadoop/share/hadoop/common/lib/htrace-core-3.1.0-incubating.jar:/home/zsthampi/csc548_parallel_systems/hw4/p3/hadoop/share/hadoop/common/lib/jackson-xc-1.9.13.jar:/home/zsthampi/csc548_parallel_systems/hw4/p3/hadoop/share/hadoop/common/lib/commons-compress-1.4.1.jar:/home/zsthampi/csc548_parallel_systems/hw4/p3/hadoop/share/hadoop/common/lib/commons-httpclient-3.1.jar:/home/zsthampi/csc548_parallel_systems/hw4/p3/hadoop/share/hadoop/common/lib/jaxb-api-2.2.2.jar:/home/zsthampi/csc548_parallel_systems/hw4/p3/hadoop/share/hadoop/common/lib/jersey-core-1.9.jar:/home/zsthampi/csc548_parallel_systems/hw4/p3/hadoop/share/hadoop/common/lib/jackson-mapper-asl-1.9.13.jar:/home/zsthampi/csc548_parallel_systems/hw4/p3/hadoop/share/hadoop/common/lib/hadoop-annotations-2.7.2.jar:/home/zsthampi/csc548_parallel_systems/hw4/p3/hadoop/share/hadoop/common/lib/slf4j-log4j12-1.7.10.jar:/home/zsthampi/csc548_parallel_systems/hw4/p3/hadoop/share/hadoop/common/lib/jetty-util-6.1.26.jar:/home/zsthampi/csc548_parallel_systems/hw4/p3/hadoop/share/hadoop/common/lib/httpclient-4.2.5.jar:/home/zsthampi/csc548_parallel_systems/hw4/p3/hadoop/share/hadoop/common/lib/httpcore-4.2.5.jar:/home/zsthampi/csc548_parallel_systems/hw4/p3/hadoop/share/hadoop/common/lib/servlet-api-2.5.jar:/home/zsthampi/csc548_parallel_systems/hw4/p3/hadoop/share/hadoop/common/lib/java-xmlbuilder-0.4.jar:/home/zsthampi/csc548_parallel_systems/hw4/p3/hadoop/share/hadoop/common/lib/mockito-all-1.8.5.jar:/home/zsthampi/csc548_parallel_systems/hw4/p3/hadoop/share/hadoop/common/lib/xmlenc-0.52.jar:/home/zsthampi/csc548_parallel_systems/hw4/p3/hadoop/share/hadoop/common/lib/paranamer-2.3.jar:/home/zsthampi/csc548_parallel_systems/hw4/p3/hadoop/share/hadoop/common/lib/commons-codec-1.4.jar:/home/zsthampi/csc548_parallel_systems/hw4/p3/hadoop/share/hadoop/common/lib/commons-net-3.1.jar:/home/zsthampi/csc548_parallel_systems/hw4/p3/hadoop/share/hadoop/common/lib/commons-digester-1.8.jar:/home/zsthampi/csc548_parallel_systems/hw4/p3/hadoop/share/hadoop/common/lib/stax-api-1.0-2.jar:/home/zsthampi/csc548_parallel_systems/hw4/p3/hadoop/share/hadoop/common/lib/hadoop-auth-2.7.2.jar:/home/zsthampi/csc548_parallel_systems/hw4/p3/hadoop/share/hadoop/common/lib/jsr305-3.0.0.jar:/home/zsthampi/csc548_parallel_systems/hw4/p3/hadoop/share/hadoop/common/lib/jsp-api-2.1.jar:/home/zsthampi/csc548_parallel_systems/hw4/p3/hadoop/share/hadoop/common/lib/guava-11.0.2.jar:/home/zsthampi/csc548_parallel_systems/hw4/p3/hadoop/share/hadoop/common/lib/log4j-1.2.17.jar:/home/zsthampi/csc548_parallel_systems/hw4/p3/hadoop/share/hadoop/common/lib/slf4j-api-1.7.10.jar:/home/zsthampi/csc548_parallel_systems/hw4/p3/hadoop/share/hadoop/common/lib/commons-io-2.4.jar:/home/zsthampi/csc548_parallel_systems/hw4/p3/hadoop/share/hadoop/common/lib/protobuf-java-2.5.0.jar:/home/zsthampi/csc548_parallel_systems/hw4/p3/hadoop/share/hadoop/common/lib/commons-beanutils-1.7.0.jar:/home/zsthampi/csc548_parallel_systems/hw4/p3/hadoop/share/hadoop/common/lib/apacheds-i18n-2.0.0-M15.jar:/home/zsthampi/csc548_parallel_systems/hw4/p3/hadoop/share/hadoop/common/lib/api-asn1-api-1.0.0-M20.jar:/home/zsthampi/csc548_parallel_systems/hw4/p3/hadoop/share/hadoop/common/lib/jackson-core-asl-1.9.13.jar:/home/zsthampi/csc548_parallel_systems/hw4/p3/hadoop/share/hadoop/common/lib/commons-cli-1.2.jar:/home/zsthampi/csc548_parallel_systems/hw4/p3/hadoop/share/hadoop/common/lib/api-util-1.0.0-M20.jar:/home/zsthampi/csc548_parallel_systems/hw4/p3/hadoop/share/hadoop/common/lib/jetty-6.1.26.jar:/home/zsthampi/csc548_parallel_systems/hw4/p3/hadoop/share/hadoop/common/lib/snappy-java-1.0.4.1.jar:/home/zsthampi/csc548_parallel_systems/hw4/p3/hadoop/share/hadoop/common/lib/xz-1.0.jar:/home/zsthampi/csc548_parallel_systems/hw4/p3/hadoop/share/hadoop/common/lib/jsch-0.1.42.jar:/home/zsthampi/csc548_parallel_systems/hw4/p3/hadoop/share/hadoop/common/lib/jackson-jaxrs-1.9.13.jar:/home/zsthampi/csc548_parallel_systems/hw4/p3/hadoop/share/hadoop/common/lib/jaxb-impl-2.2.3-1.jar:/home/zsthampi/csc548_parallel_systems/hw4/p3/hadoop/share/hadoop/common/lib/curator-client-2.7.1.jar:/home/zsthampi/csc548_parallel_systems/hw4/p3/hadoop/share/hadoop/common/lib/commons-configuration-1.6.jar:/home/zsthampi/csc548_parallel_systems/hw4/p3/hadoop/share/hadoop/common/lib/zookeeper-3.4.6.jar:/home/zsthampi/csc548_parallel_systems/hw4/p3/hadoop/share/hadoop/common/lib/jersey-server-1.9.jar:/home/zsthampi/csc548_parallel_systems/hw4/p3/hadoop/share/hadoop/common/lib/commons-math3-3.1.1.jar:/home/zsthampi/csc548_parallel_systems/hw4/p3/hadoop/share/hadoop/common/lib/jersey-json-1.9.jar:/home/zsthampi/csc548_parallel_systems/hw4/p3/hadoop/share/hadoop/common/lib/curator-framework-2.7.1.jar:/home/zsthampi/csc548_parallel_systems/hw4/p3/hadoop/share/hadoop/common/lib/asm-3.2.jar:/home/zsthampi/csc548_parallel_systems/hw4/p3/hadoop/share/hadoop/common/lib/junit-4.11.jar:/home/zsthampi/csc548_parallel_systems/hw4/p3/hadoop/share/hadoop/common/lib/apacheds-kerberos-codec-2.0.0-M15.jar:/home/zsthampi/csc548_parallel_systems/hw4/p3/hadoop/share/hadoop/common/lib/curator-recipes-2.7.1.jar:/home/zsthampi/csc548_parallel_systems/hw4/p3/hadoop/share/hadoop/common/lib/hamcrest-core-1.3.jar:/home/zsthampi/csc548_parallel_systems/hw4/p3/hadoop/share/hadoop/common/lib/gson-2.2.4.jar:/home/zsthampi/csc548_parallel_systems/hw4/p3/hadoop/share/hadoop/common/lib/netty-3.6.2.Final.jar:/home/zsthampi/csc548_parallel_systems/hw4/p3/hadoop/share/hadoop/common/lib/commons-collections-3.2.2.jar:/home/zsthampi/csc548_parallel_systems/hw4/p3/hadoop/share/hadoop/common/lib/commons-lang-2.6.jar:/home/zsthampi/csc548_parallel_systems/hw4/p3/hadoop/share/hadoop/common/lib/commons-beanutils-core-1.8.0.jar:/home/zsthampi/csc548_parallel_systems/hw4/p3/hadoop/share/hadoop/common/lib/jettison-1.1.jar:/home/zsthampi/csc548_parallel_systems/hw4/p3/hadoop/share/hadoop/common/lib/jets3t-0.9.0.jar:/home/zsthampi/csc548_parallel_systems/hw4/p3/hadoop/share/hadoop/common/hadoop-common-2.7.2-tests.jar:/home/zsthampi/csc548_parallel_systems/hw4/p3/hadoop/share/hadoop/common/hadoop-nfs-2.7.2.jar:/home/zsthampi/csc548_parallel_systems/hw4/p3/hadoop/share/hadoop/common/hadoop-common-2.7.2.jar:/home/zsthampi/csc548_parallel_systems/hw4/p3/hadoop/share/hadoop/hdfs:/home/zsthampi/csc548_parallel_systems/hw4/p3/hadoop/share/hadoop/hdfs/lib/commons-logging-1.1.3.jar:/home/zsthampi/csc548_parallel_systems/hw4/p3/hadoop/share/hadoop/hdfs/lib/htrace-core-3.1.0-incubating.jar:/home/zsthampi/csc548_parallel_systems/hw4/p3/hadoop/share/hadoop/hdfs/lib/jersey-core-1.9.jar:/home/zsthampi/csc548_parallel_systems/hw4/p3/hadoop/share/hadoop/hdfs/lib/jackson-mapper-asl-1.9.13.jar:/home/zsthampi/csc548_parallel_systems/hw4/p3/hadoop/share/hadoop/hdfs/lib/jetty-util-6.1.26.jar:/home/zsthampi/csc548_parallel_systems/hw4/p3/hadoop/share/hadoop/hdfs/lib/servlet-api-2.5.jar:/home/zsthampi/csc548_parallel_systems/hw4/p3/hadoop/share/hadoop/hdfs/lib/xmlenc-0.52.jar:/home/zsthampi/csc548_parallel_systems/hw4/p3/hadoop/share/hadoop/hdfs/lib/commons-codec-1.4.jar:/home/zsthampi/csc548_parallel_systems/hw4/p3/hadoop/share/hadoop/hdfs/lib/leveldbjni-all-1.8.jar:/home/zsthampi/csc548_parallel_systems/hw4/p3/hadoop/share/hadoop/hdfs/lib/jsr305-3.0.0.jar:/home/zsthampi/csc548_parallel_systems/hw4/p3/hadoop/share/hadoop/hdfs/lib/guava-11.0.2.jar:/home/zsthampi/csc548_parallel_systems/hw4/p3/hadoop/share/hadoop/hdfs/lib/log4j-1.2.17.jar:/home/zsthampi/csc548_parallel_systems/hw4/p3/hadoop/share/hadoop/hdfs/lib/commons-io-2.4.jar:/home/zsthampi/csc548_parallel_systems/hw4/p3/hadoop/share/hadoop/hdfs/lib/protobuf-java-2.5.0.jar:/home/zsthampi/csc548_parallel_systems/hw4/p3/hadoop/share/hadoop/hdfs/lib/commons-daemon-1.0.13.jar:/home/zsthampi/csc548_parallel_systems/hw4/p3/hadoop/share/hadoop/hdfs/lib/jackson-core-asl-1.9.13.jar:/home/zsthampi/csc548_parallel_systems/hw4/p3/hadoop/share/hadoop/hdfs/lib/commons-cli-1.2.jar:/home/zsthampi/csc548_parallel_systems/hw4/p3/hadoop/share/hadoop/hdfs/lib/jetty-6.1.26.jar:/home/zsthampi/csc548_parallel_systems/hw4/p3/hadoop/share/hadoop/hdfs/lib/netty-all-4.0.23.Final.jar:/home/zsthampi/csc548_parallel_systems/hw4/p3/hadoop/share/hadoop/hdfs/lib/jersey-server-1.9.jar:/home/zsthampi/csc548_parallel_systems/hw4/p3/hadoop/share/hadoop/hdfs/lib/asm-3.2.jar:/home/zsthampi/csc548_parallel_systems/hw4/p3/hadoop/share/hadoop/hdfs/lib/xercesImpl-2.9.1.jar:/home/zsthampi/csc548_parallel_systems/hw4/p3/hadoop/share/hadoop/hdfs/lib/xml-apis-1.3.04.jar:/home/zsthampi/csc548_parallel_systems/hw4/p3/hadoop/share/hadoop/hdfs/lib/netty-3.6.2.Final.jar:/home/zsthampi/csc548_parallel_systems/hw4/p3/hadoop/share/hadoop/hdfs/lib/commons-lang-2.6.jar:/home/zsthampi/csc548_parallel_systems/hw4/p3/hadoop/share/hadoop/hdfs/hadoop-hdfs-2.7.2.jar:/home/zsthampi/csc548_parallel_systems/hw4/p3/hadoop/share/hadoop/hdfs/hadoop-hdfs-2.7.2-tests.jar:/home/zsthampi/csc548_parallel_systems/hw4/p3/hadoop/share/hadoop/hdfs/hadoop-hdfs-nfs-2.7.2.jar:/home/zsthampi/csc548_parallel_systems/hw4/p3/hadoop/share/hadoop/yarn/lib/aopalliance-1.0.jar:/home/zsthampi/csc548_parallel_systems/hw4/p3/hadoop/share/hadoop/yarn/lib/activation-1.1.jar:/home/zsthampi/csc548_parallel_systems/hw4/p3/hadoop/share/hadoop/yarn/lib/commons-logging-1.1.3.jar:/home/zsthampi/csc548_parallel_systems/hw4/p3/hadoop/share/hadoop/yarn/lib/jackson-xc-1.9.13.jar:/home/zsthampi/csc548_parallel_systems/hw4/p3/hadoop/share/hadoop/yarn/lib/commons-compress-1.4.1.jar:/home/zsthampi/csc548_parallel_systems/hw4/p3/hadoop/share/hadoop/yarn/lib/jaxb-api-2.2.2.jar:/home/zsthampi/csc548_parallel_systems/hw4/p3/hadoop/share/hadoop/yarn/lib/jersey-core-1.9.jar:/home/zsthampi/csc548_parallel_systems/hw4/p3/hadoop/share/hadoop/yarn/lib/jackson-mapper-asl-1.9.13.jar:/home/zsthampi/csc548_parallel_systems/hw4/p3/hadoop/share/hadoop/yarn/lib/jetty-util-6.1.26.jar:/home/zsthampi/csc548_parallel_systems/hw4/p3/hadoop/share/hadoop/yarn/lib/servlet-api-2.5.jar:/home/zsthampi/csc548_parallel_systems/hw4/p3/hadoop/share/hadoop/yarn/lib/commons-codec-1.4.jar:/home/zsthampi/csc548_parallel_systems/hw4/p3/hadoop/share/hadoop/yarn/lib/stax-api-1.0-2.jar:/home/zsthampi/csc548_parallel_systems/hw4/p3/hadoop/share/hadoop/yarn/lib/leveldbjni-all-1.8.jar:/home/zsthampi/csc548_parallel_systems/hw4/p3/hadoop/share/hadoop/yarn/lib/jsr305-3.0.0.jar:/home/zsthampi/csc548_parallel_systems/hw4/p3/hadoop/share/hadoop/yarn/lib/guava-11.0.2.jar:/home/zsthampi/csc548_parallel_systems/hw4/p3/hadoop/share/hadoop/yarn/lib/log4j-1.2.17.jar:/home/zsthampi/csc548_parallel_systems/hw4/p3/hadoop/share/hadoop/yarn/lib/jersey-guice-1.9.jar:/home/zsthampi/csc548_parallel_systems/hw4/p3/hadoop/share/hadoop/yarn/lib/commons-io-2.4.jar:/home/zsthampi/csc548_parallel_systems/hw4/p3/hadoop/share/hadoop/yarn/lib/protobuf-java-2.5.0.jar:/home/zsthampi/csc548_parallel_systems/hw4/p3/hadoop/share/hadoop/yarn/lib/jackson-core-asl-1.9.13.jar:/home/zsthampi/csc548_parallel_systems/hw4/p3/hadoop/share/hadoop/yarn/lib/commons-cli-1.2.jar:/home/zsthampi/csc548_parallel_systems/hw4/p3/hadoop/share/hadoop/yarn/lib/jetty-6.1.26.jar:/home/zsthampi/csc548_parallel_systems/hw4/p3/hadoop/share/hadoop/yarn/lib/javax.inject-1.jar:/home/zsthampi/csc548_parallel_systems/hw4/p3/hadoop/share/hadoop/yarn/lib/xz-1.0.jar:/home/zsthampi/csc548_parallel_systems/hw4/p3/hadoop/share/hadoop/yarn/lib/guice-3.0.jar:/home/zsthampi/csc548_parallel_systems/hw4/p3/hadoop/share/hadoop/yarn/lib/jackson-jaxrs-1.9.13.jar:/home/zsthampi/csc548_parallel_systems/hw4/p3/hadoop/share/hadoop/yarn/lib/jaxb-impl-2.2.3-1.jar:/home/zsthampi/csc548_parallel_systems/hw4/p3/hadoop/share/hadoop/yarn/lib/zookeeper-3.4.6.jar:/home/zsthampi/csc548_parallel_systems/hw4/p3/hadoop/share/hadoop/yarn/lib/jersey-server-1.9.jar:/home/zsthampi/csc548_parallel_systems/hw4/p3/hadoop/share/hadoop/yarn/lib/jersey-json-1.9.jar:/home/zsthampi/csc548_parallel_systems/hw4/p3/hadoop/share/hadoop/yarn/lib/asm-3.2.jar:/home/zsthampi/csc548_parallel_systems/hw4/p3/hadoop/share/hadoop/yarn/lib/zookeeper-3.4.6-tests.jar:/home/zsthampi/csc548_parallel_systems/hw4/p3/hadoop/share/hadoop/yarn/lib/jersey-client-1.9.jar:/home/zsthampi/csc548_parallel_systems/hw4/p3/hadoop/share/hadoop/yarn/lib/netty-3.6.2.Final.jar:/home/zsthampi/csc548_parallel_systems/hw4/p3/hadoop/share/hadoop/yarn/lib/commons-collections-3.2.2.jar:/home/zsthampi/csc548_parallel_systems/hw4/p3/hadoop/share/hadoop/yarn/lib/commons-lang-2.6.jar:/home/zsthampi/csc548_parallel_systems/hw4/p3/hadoop/share/hadoop/yarn/lib/jettison-1.1.jar:/home/zsthampi/csc548_parallel_systems/hw4/p3/hadoop/share/hadoop/yarn/lib/guice-servlet-3.0.jar:/home/zsthampi/csc548_parallel_systems/hw4/p3/hadoop/share/hadoop/yarn/hadoop-yarn-server-nodemanager-2.7.2.jar:/home/zsthampi/csc548_parallel_systems/hw4/p3/hadoop/share/hadoop/yarn/hadoop-yarn-applications-distributedshell-2.7.2.jar:/home/zsthampi/csc548_parallel_systems/hw4/p3/hadoop/share/hadoop/yarn/hadoop-yarn-server-resourcemanager-2.7.2.jar:/home/zsthampi/csc548_parallel_systems/hw4/p3/hadoop/share/hadoop/yarn/hadoop-yarn-registry-2.7.2.jar:/home/zsthampi/csc548_parallel_systems/hw4/p3/hadoop/share/hadoop/yarn/hadoop-yarn-server-sharedcachemanager-2.7.2.jar:/home/zsthampi/csc548_parallel_systems/hw4/p3/hadoop/share/hadoop/yarn/hadoop-yarn-server-common-2.7.2.jar:/home/zsthampi/csc548_parallel_systems/hw4/p3/hadoop/share/hadoop/yarn/hadoop-yarn-server-web-proxy-2.7.2.jar:/home/zsthampi/csc548_parallel_systems/hw4/p3/hadoop/share/hadoop/yarn/hadoop-yarn-server-applicationhistoryservice-2.7.2.jar:/home/zsthampi/csc548_parallel_systems/hw4/p3/hadoop/share/hadoop/yarn/hadoop-yarn-server-tests-2.7.2.jar:/home/zsthampi/csc548_parallel_systems/hw4/p3/hadoop/share/hadoop/yarn/hadoop-yarn-api-2.7.2.jar:/home/zsthampi/csc548_parallel_systems/hw4/p3/hadoop/share/hadoop/yarn/hadoop-yarn-client-2.7.2.jar:/home/zsthampi/csc548_parallel_systems/hw4/p3/hadoop/share/hadoop/yarn/hadoop-yarn-applications-unmanaged-am-launcher-2.7.2.jar:/home/zsthampi/csc548_parallel_systems/hw4/p3/hadoop/share/hadoop/yarn/hadoop-yarn-common-2.7.2.jar:/home/zsthampi/csc548_parallel_systems/hw4/p3/hadoop/share/hadoop/mapreduce/lib/aopalliance-1.0.jar:/home/zsthampi/csc548_parallel_systems/hw4/p3/hadoop/share/hadoop/mapreduce/lib/avro-1.7.4.jar:/home/zsthampi/csc548_parallel_systems/hw4/p3/hadoop/share/hadoop/mapreduce/lib/commons-compress-1.4.1.jar:/home/zsthampi/csc548_parallel_systems/hw4/p3/hadoop/share/hadoop/mapreduce/lib/jersey-core-1.9.jar:/home/zsthampi/csc548_parallel_systems/hw4/p3/hadoop/share/hadoop/mapreduce/lib/jackson-mapper-asl-1.9.13.jar:/home/zsthampi/csc548_parallel_systems/hw4/p3/hadoop/share/hadoop/mapreduce/lib/hadoop-annotations-2.7.2.jar:/home/zsthampi/csc548_parallel_systems/hw4/p3/hadoop/share/hadoop/mapreduce/lib/paranamer-2.3.jar:/home/zsthampi/csc548_parallel_systems/hw4/p3/hadoop/share/hadoop/mapreduce/lib/leveldbjni-all-1.8.jar:/home/zsthampi/csc548_parallel_systems/hw4/p3/hadoop/share/hadoop/mapreduce/lib/log4j-1.2.17.jar:/home/zsthampi/csc548_parallel_systems/hw4/p3/hadoop/share/hadoop/mapreduce/lib/jersey-guice-1.9.jar:/home/zsthampi/csc548_parallel_systems/hw4/p3/hadoop/share/hadoop/mapreduce/lib/commons-io-2.4.jar:/home/zsthampi/csc548_parallel_systems/hw4/p3/hadoop/share/hadoop/mapreduce/lib/protobuf-java-2.5.0.jar:/home/zsthampi/csc548_parallel_systems/hw4/p3/hadoop/share/hadoop/mapreduce/lib/jackson-core-asl-1.9.13.jar:/home/zsthampi/csc548_parallel_systems/hw4/p3/hadoop/share/hadoop/mapreduce/lib/javax.inject-1.jar:/home/zsthampi/csc548_parallel_systems/hw4/p3/hadoop/share/hadoop/mapreduce/lib/snappy-java-1.0.4.1.jar:/home/zsthampi/csc548_parallel_systems/hw4/p3/hadoop/share/hadoop/mapreduce/lib/xz-1.0.jar:/home/zsthampi/csc548_parallel_systems/hw4/p3/hadoop/share/hadoop/mapreduce/lib/guice-3.0.jar:/home/zsthampi/csc548_parallel_systems/hw4/p3/hadoop/share/hadoop/mapreduce/lib/jersey-server-1.9.jar:/home/zsthampi/csc548_parallel_systems/hw4/p3/hadoop/share/hadoop/mapreduce/lib/asm-3.2.jar:/home/zsthampi/csc548_parallel_systems/hw4/p3/hadoop/share/hadoop/mapreduce/lib/junit-4.11.jar:/home/zsthampi/csc548_parallel_systems/hw4/p3/hadoop/share/hadoop/mapreduce/lib/hamcrest-core-1.3.jar:/home/zsthampi/csc548_parallel_systems/hw4/p3/hadoop/share/hadoop/mapreduce/lib/netty-3.6.2.Final.jar:/home/zsthampi/csc548_parallel_systems/hw4/p3/hadoop/share/hadoop/mapreduce/lib/guice-servlet-3.0.jar:/home/zsthampi/csc548_parallel_systems/hw4/p3/hadoop/share/hadoop/mapreduce/hadoop-mapreduce-client-hs-plugins-2.7.2.jar:/home/zsthampi/csc548_parallel_systems/hw4/p3/hadoop/share/hadoop/mapreduce/hadoop-mapreduce-client-jobclient-2.7.2-tests.jar:/home/zsthampi/csc548_parallel_systems/hw4/p3/hadoop/share/hadoop/mapreduce/hadoop-mapreduce-client-core-2.7.2.jar:/home/zsthampi/csc548_parallel_systems/hw4/p3/hadoop/share/hadoop/mapreduce/hadoop-mapreduce-client-shuffle-2.7.2.jar:/home/zsthampi/csc548_parallel_systems/hw4/p3/hadoop/share/hadoop/mapreduce/hadoop-mapreduce-client-common-2.7.2.jar:/home/zsthampi/csc548_parallel_systems/hw4/p3/hadoop/share/hadoop/mapreduce/hadoop-mapreduce-client-hs-2.7.2.jar:/home/zsthampi/csc548_parallel_systems/hw4/p3/hadoop/share/hadoop/mapreduce/hadoop-mapreduce-client-app-2.7.2.jar:/home/zsthampi/csc548_parallel_systems/hw4/p3/hadoop/share/hadoop/mapreduce/hadoop-mapreduce-examples-2.7.2.jar:/home/zsthampi/csc548_parallel_systems/hw4/p3/hadoop/share/hadoop/mapreduce/hadoop-mapreduce-client-jobclient-2.7.2.jar
STARTUP_MSG:   build = https://git-wip-us.apache.org/repos/asf/hadoop.git -r b165c4fe8a74265c792ce23f546c64604acf0e41; compiled by 'jenkins' on 2016-01-26T00:08Z
STARTUP_MSG:   java = 1.8.0_121
************************************************************/
2017-10-20 12:01:29,151 INFO  [main] namenode.SecondaryNameNode (LogAdapter.java:info(45)) - registered UNIX signal handlers for [TERM, HUP, INT]
2017-10-20 12:01:29,973 WARN  [main] impl.MetricsConfig (MetricsConfig.java:loadFirst(125)) - Cannot locate configuration: tried hadoop-metrics2-secondarynamenode.properties,hadoop-metrics2.properties
2017-10-20 12:01:30,092 INFO  [main] impl.MetricsSystemImpl (MetricsSystemImpl.java:startTimer(377)) - Scheduled snapshot period at 10 second(s).
2017-10-20 12:01:30,093 INFO  [main] impl.MetricsSystemImpl (MetricsSystemImpl.java:start(192)) - SecondaryNameNode metrics system started
2017-10-20 12:01:30,457 INFO  [main] common.Storage (Storage.java:tryLock(715)) - Lock on /tmp/hadoop-zsthampi/dfs/namesecondary/in_use.lock acquired by nodename 15934@c101.localdomain
2017-10-20 12:01:30,462 INFO  [main] namenode.FSNamesystem (FSNamesystem.java:<init>(716)) - No KeyProvider found.
2017-10-20 12:01:30,462 INFO  [main] namenode.FSNamesystem (FSNamesystem.java:<init>(726)) - fsLock is fair:true
2017-10-20 12:01:30,525 INFO  [main] blockmanagement.DatanodeManager (DatanodeManager.java:<init>(239)) - dfs.block.invalidate.limit=1000
2017-10-20 12:01:30,526 INFO  [main] blockmanagement.DatanodeManager (DatanodeManager.java:<init>(245)) - dfs.namenode.datanode.registration.ip-hostname-check=true
2017-10-20 12:01:30,529 INFO  [main] blockmanagement.BlockManager (InvalidateBlocks.java:printBlockDeletionTime(71)) - dfs.namenode.startup.delay.block.deletion.sec is set to 000:00:00:00.000
2017-10-20 12:01:30,532 INFO  [main] blockmanagement.BlockManager (InvalidateBlocks.java:printBlockDeletionTime(76)) - The block deletion will start around 2017 Oct 20 12:01:30
2017-10-20 12:01:30,534 INFO  [main] util.GSet (LightWeightGSet.java:computeCapacity(354)) - Computing capacity for map BlocksMap
2017-10-20 12:01:30,534 INFO  [main] util.GSet (LightWeightGSet.java:computeCapacity(355)) - VM type       = 64-bit
2017-10-20 12:01:30,537 INFO  [main] util.GSet (LightWeightGSet.java:computeCapacity(356)) - 2.0% max memory 889 MB = 17.8 MB
2017-10-20 12:01:30,537 INFO  [main] util.GSet (LightWeightGSet.java:computeCapacity(361)) - capacity      = 2^21 = 2097152 entries
2017-10-20 12:01:30,563 INFO  [main] blockmanagement.BlockManager (BlockManager.java:createBlockTokenSecretManager(358)) - dfs.block.access.token.enable=false
2017-10-20 12:01:30,564 INFO  [main] blockmanagement.BlockManager (BlockManager.java:<init>(344)) - defaultReplication         = 1
2017-10-20 12:01:30,564 INFO  [main] blockmanagement.BlockManager (BlockManager.java:<init>(345)) - maxReplication             = 512
2017-10-20 12:01:30,564 INFO  [main] blockmanagement.BlockManager (BlockManager.java:<init>(346)) - minReplication             = 1
2017-10-20 12:01:30,564 INFO  [main] blockmanagement.BlockManager (BlockManager.java:<init>(347)) - maxReplicationStreams      = 2
2017-10-20 12:01:30,564 INFO  [main] blockmanagement.BlockManager (BlockManager.java:<init>(348)) - replicationRecheckInterval = 3000
2017-10-20 12:01:30,564 INFO  [main] blockmanagement.BlockManager (BlockManager.java:<init>(349)) - encryptDataTransfer        = false
2017-10-20 12:01:30,564 INFO  [main] blockmanagement.BlockManager (BlockManager.java:<init>(350)) - maxNumBlocksToLog          = 1000
2017-10-20 12:01:30,567 INFO  [main] namenode.FSNamesystem (FSNamesystem.java:<init>(746)) - fsOwner             = zsthampi (auth:SIMPLE)
2017-10-20 12:01:30,567 INFO  [main] namenode.FSNamesystem (FSNamesystem.java:<init>(747)) - supergroup          = supergroup
2017-10-20 12:01:30,568 INFO  [main] namenode.FSNamesystem (FSNamesystem.java:<init>(748)) - isPermissionEnabled = true
2017-10-20 12:01:30,568 INFO  [main] namenode.FSNamesystem (FSNamesystem.java:<init>(759)) - HA Enabled: false
2017-10-20 12:01:30,571 INFO  [main] namenode.FSNamesystem (FSNamesystem.java:<init>(796)) - Append Enabled: true
2017-10-20 12:01:30,899 INFO  [main] util.GSet (LightWeightGSet.java:computeCapacity(354)) - Computing capacity for map INodeMap
2017-10-20 12:01:30,899 INFO  [main] util.GSet (LightWeightGSet.java:computeCapacity(355)) - VM type       = 64-bit
2017-10-20 12:01:30,900 INFO  [main] util.GSet (LightWeightGSet.java:computeCapacity(356)) - 1.0% max memory 889 MB = 8.9 MB
2017-10-20 12:01:30,900 INFO  [main] util.GSet (LightWeightGSet.java:computeCapacity(361)) - capacity      = 2^20 = 1048576 entries
2017-10-20 12:01:30,903 INFO  [main] namenode.FSDirectory (FSDirectory.java:<init>(235)) - ACLs enabled? false
2017-10-20 12:01:30,903 INFO  [main] namenode.FSDirectory (FSDirectory.java:<init>(239)) - XAttrs enabled? true
2017-10-20 12:01:30,903 INFO  [main] namenode.FSDirectory (FSDirectory.java:<init>(247)) - Maximum size of an xattr: 16384
2017-10-20 12:01:30,903 INFO  [main] namenode.NameNode (FSDirectory.java:<init>(298)) - Caching file names occuring more than 10 times
2017-10-20 12:01:30,915 INFO  [main] util.GSet (LightWeightGSet.java:computeCapacity(354)) - Computing capacity for map cachedBlocks
2017-10-20 12:01:30,915 INFO  [main] util.GSet (LightWeightGSet.java:computeCapacity(355)) - VM type       = 64-bit
2017-10-20 12:01:30,915 INFO  [main] util.GSet (LightWeightGSet.java:computeCapacity(356)) - 0.25% max memory 889 MB = 2.2 MB
2017-10-20 12:01:30,916 INFO  [main] util.GSet (LightWeightGSet.java:computeCapacity(361)) - capacity      = 2^18 = 262144 entries
2017-10-20 12:01:30,918 INFO  [main] namenode.FSNamesystem (FSNamesystem.java:<init>(5166)) - dfs.namenode.safemode.threshold-pct = 0.9990000128746033
2017-10-20 12:01:30,919 INFO  [main] namenode.FSNamesystem (FSNamesystem.java:<init>(5167)) - dfs.namenode.safemode.min.datanodes = 0
2017-10-20 12:01:30,919 INFO  [main] namenode.FSNamesystem (FSNamesystem.java:<init>(5168)) - dfs.namenode.safemode.extension     = 30000
2017-10-20 12:01:30,923 INFO  [main] metrics.TopMetrics (TopMetrics.java:logConf(65)) - NNTop conf: dfs.namenode.top.window.num.buckets = 10
2017-10-20 12:01:30,924 INFO  [main] metrics.TopMetrics (TopMetrics.java:logConf(67)) - NNTop conf: dfs.namenode.top.num.users = 10
2017-10-20 12:01:30,924 INFO  [main] metrics.TopMetrics (TopMetrics.java:logConf(69)) - NNTop conf: dfs.namenode.top.windows.minutes = 1,5,25
2017-10-20 12:01:30,942 INFO  [main] hdfs.DFSUtil (DFSUtil.java:httpServerTemplateForNNAndJN(1703)) - Starting Web-server for secondary at: http://0.0.0.0:50090
2017-10-20 12:01:31,103 INFO  [main] mortbay.log (Slf4jLog.java:info(67)) - Logging to org.slf4j.impl.Log4jLoggerAdapter(org.mortbay.log) via org.mortbay.log.Slf4jLog
2017-10-20 12:01:31,115 INFO  [main] server.AuthenticationFilter (AuthenticationFilter.java:constructSecretProvider(284)) - Unable to initialize FileSignerSecretProvider, falling back to use random secrets.
2017-10-20 12:01:31,123 INFO  [main] http.HttpRequestLog (HttpRequestLog.java:getRequestLog(80)) - Http request log for http.requests.secondary is not defined
2017-10-20 12:01:31,131 INFO  [main] http.HttpServer2 (HttpServer2.java:addGlobalFilter(710)) - Added global filter 'safety' (class=org.apache.hadoop.http.HttpServer2$QuotingInputFilter)
2017-10-20 12:01:31,134 INFO  [main] http.HttpServer2 (HttpServer2.java:addFilter(685)) - Added filter static_user_filter (class=org.apache.hadoop.http.lib.StaticUserWebFilter$StaticUserFilter) to context secondary
2017-10-20 12:01:31,134 INFO  [main] http.HttpServer2 (HttpServer2.java:addFilter(693)) - Added filter static_user_filter (class=org.apache.hadoop.http.lib.StaticUserWebFilter$StaticUserFilter) to context logs
2017-10-20 12:01:31,135 INFO  [main] http.HttpServer2 (HttpServer2.java:addFilter(693)) - Added filter static_user_filter (class=org.apache.hadoop.http.lib.StaticUserWebFilter$StaticUserFilter) to context static
2017-10-20 12:01:31,156 INFO  [main] http.HttpServer2 (HttpServer2.java:openListeners(915)) - Jetty bound to port 50090
2017-10-20 12:01:31,156 INFO  [main] mortbay.log (Slf4jLog.java:info(67)) - jetty-6.1.26
2017-10-20 12:01:31,231 WARN  [main] mortbay.log (Slf4jLog.java:warn(76)) - Can't reuse /tmp/Jetty_0_0_0_0_50090_secondary____y6aanv, using /tmp/Jetty_0_0_0_0_50090_secondary____y6aanv_2328102036505488109
2017-10-20 12:01:31,403 INFO  [main] mortbay.log (Slf4jLog.java:info(67)) - Started HttpServer2$SelectChannelConnectorWithSafeStartup@0.0.0.0:50090
2017-10-20 12:01:31,403 INFO  [main] namenode.SecondaryNameNode (SecondaryNameNode.java:initialize(278)) - Web server init done
2017-10-20 12:01:31,406 INFO  [main] namenode.SecondaryNameNode (SecondaryNameNode.java:initialize(297)) - Checkpoint Period   :3600 secs (60 min)
2017-10-20 12:01:31,406 INFO  [main] namenode.SecondaryNameNode (SecondaryNameNode.java:initialize(299)) - Log Size Trigger    :1000000 txns
2017-10-20 12:02:31,803 INFO  [SecondaryNameNode Status
Name Node Address      : c101/10.4.1.102:9000
Start Time             : Fri Oct 20 12:01:29 EDT 2017
Last Checkpoint        : -- seconds ago
Checkpoint Period      : 3600 seconds
Checkpoint Transactions: 1000000
Checkpoint Dirs        : [file:///tmp/hadoop-zsthampi/dfs/namesecondary]
Checkpoint Edits Dirs  : [file:///tmp/hadoop-zsthampi/dfs/namesecondary]] namenode.SecondaryNameNode (SecondaryNameNode.java:run(455)) - Image has changed. Downloading updated image from NN.
2017-10-20 12:02:32,255 INFO  [SecondaryNameNode Status
Name Node Address      : c101/10.4.1.102:9000
Start Time             : Fri Oct 20 12:01:29 EDT 2017
Last Checkpoint        : -- seconds ago
Checkpoint Period      : 3600 seconds
Checkpoint Transactions: 1000000
Checkpoint Dirs        : [file:///tmp/hadoop-zsthampi/dfs/namesecondary]
Checkpoint Edits Dirs  : [file:///tmp/hadoop-zsthampi/dfs/namesecondary]] namenode.TransferFsImage (TransferFsImage.java:getFileClient(396)) - Opening connection to http://c101:50070/imagetransfer?getimage=1&txid=0&storageInfo=-63:365376368:0:CID-38813bff-3c90-462c-b86f-6d65cac21388
2017-10-20 12:02:32,333 INFO  [SecondaryNameNode Status
Name Node Address      : c101/10.4.1.102:9000
Start Time             : Fri Oct 20 12:01:29 EDT 2017
Last Checkpoint        : -- seconds ago
Checkpoint Period      : 3600 seconds
Checkpoint Transactions: 1000000
Checkpoint Dirs        : [file:///tmp/hadoop-zsthampi/dfs/namesecondary]
Checkpoint Edits Dirs  : [file:///tmp/hadoop-zsthampi/dfs/namesecondary]] namenode.TransferFsImage (TransferFsImage.java:setTimeout(443)) - Image Transfer timeout configured to 60000 milliseconds
2017-10-20 12:02:32,760 INFO  [SecondaryNameNode Status
Name Node Address      : c101/10.4.1.102:9000
Start Time             : Fri Oct 20 12:01:29 EDT 2017
Last Checkpoint        : -- seconds ago
Checkpoint Period      : 3600 seconds
Checkpoint Transactions: 1000000
Checkpoint Dirs        : [file:///tmp/hadoop-zsthampi/dfs/namesecondary]
Checkpoint Edits Dirs  : [file:///tmp/hadoop-zsthampi/dfs/namesecondary]] namenode.TransferFsImage (TransferFsImage.java:receiveFile(553)) - Transfer took 0.08s at 0.00 KB/s
2017-10-20 12:02:32,761 INFO  [SecondaryNameNode Status
Name Node Address      : c101/10.4.1.102:9000
Start Time             : Fri Oct 20 12:01:29 EDT 2017
Last Checkpoint        : -- seconds ago
Checkpoint Period      : 3600 seconds
Checkpoint Transactions: 1000000
Checkpoint Dirs        : [file:///tmp/hadoop-zsthampi/dfs/namesecondary]
Checkpoint Edits Dirs  : [file:///tmp/hadoop-zsthampi/dfs/namesecondary]] namenode.TransferFsImage (TransferFsImage.java:downloadImageToStorage(115)) - Downloaded file fsimage.ckpt_0000000000000000000 size 355 bytes.
2017-10-20 12:02:32,805 INFO  [SecondaryNameNode Status
Name Node Address      : c101/10.4.1.102:9000
Start Time             : Fri Oct 20 12:01:29 EDT 2017
Last Checkpoint        : -- seconds ago
Checkpoint Period      : 3600 seconds
Checkpoint Transactions: 1000000
Checkpoint Dirs        : [file:///tmp/hadoop-zsthampi/dfs/namesecondary]
Checkpoint Edits Dirs  : [file:///tmp/hadoop-zsthampi/dfs/namesecondary]] namenode.TransferFsImage (TransferFsImage.java:getFileClient(396)) - Opening connection to http://c101:50070/imagetransfer?getedit=1&startTxId=1&endTxId=4&storageInfo=-63:365376368:0:CID-38813bff-3c90-462c-b86f-6d65cac21388
2017-10-20 12:02:32,844 INFO  [SecondaryNameNode Status
Name Node Address      : c101/10.4.1.102:9000
Start Time             : Fri Oct 20 12:01:29 EDT 2017
Last Checkpoint        : -- seconds ago
Checkpoint Period      : 3600 seconds
Checkpoint Transactions: 1000000
Checkpoint Dirs        : [file:///tmp/hadoop-zsthampi/dfs/namesecondary]
Checkpoint Edits Dirs  : [file:///tmp/hadoop-zsthampi/dfs/namesecondary]] namenode.TransferFsImage (TransferFsImage.java:receiveFile(553)) - Transfer took 0.03s at 0.00 KB/s
2017-10-20 12:02:32,845 INFO  [SecondaryNameNode Status
Name Node Address      : c101/10.4.1.102:9000
Start Time             : Fri Oct 20 12:01:29 EDT 2017
Last Checkpoint        : -- seconds ago
Checkpoint Period      : 3600 seconds
Checkpoint Transactions: 1000000
Checkpoint Dirs        : [file:///tmp/hadoop-zsthampi/dfs/namesecondary]
Checkpoint Edits Dirs  : [file:///tmp/hadoop-zsthampi/dfs/namesecondary]] namenode.TransferFsImage (TransferFsImage.java:downloadEditsToStorage(168)) - Downloaded file edits_tmp_0000000000000000001-0000000000000000004_0000000013713067596 size 0 bytes.
2017-10-20 12:02:32,907 INFO  [SecondaryNameNode Status
Name Node Address      : c101/10.4.1.102:9000
Start Time             : Fri Oct 20 12:01:29 EDT 2017
Last Checkpoint        : -- seconds ago
Checkpoint Period      : 3600 seconds
Checkpoint Transactions: 1000000
Checkpoint Dirs        : [file:///tmp/hadoop-zsthampi/dfs/namesecondary]
Checkpoint Edits Dirs  : [file:///tmp/hadoop-zsthampi/dfs/namesecondary]] namenode.FSImageFormatPBINode (FSImageFormatPBINode.java:loadINodeSection(255)) - Loading 1 INodes.
2017-10-20 12:02:32,951 INFO  [SecondaryNameNode Status
Name Node Address      : c101/10.4.1.102:9000
Start Time             : Fri Oct 20 12:01:29 EDT 2017
Last Checkpoint        : -- seconds ago
Checkpoint Period      : 3600 seconds
Checkpoint Transactions: 1000000
Checkpoint Dirs        : [file:///tmp/hadoop-zsthampi/dfs/namesecondary]
Checkpoint Edits Dirs  : [file:///tmp/hadoop-zsthampi/dfs/namesecondary]] namenode.FSImageFormatProtobuf (FSImageFormatProtobuf.java:load(181)) - Loaded FSImage in 0 seconds.
2017-10-20 12:02:32,952 INFO  [SecondaryNameNode Status
Name Node Address      : c101/10.4.1.102:9000
Start Time             : Fri Oct 20 12:01:29 EDT 2017
Last Checkpoint        : -- seconds ago
Checkpoint Period      : 3600 seconds
Checkpoint Transactions: 1000000
Checkpoint Dirs        : [file:///tmp/hadoop-zsthampi/dfs/namesecondary]
Checkpoint Edits Dirs  : [file:///tmp/hadoop-zsthampi/dfs/namesecondary]] namenode.FSImage (FSImage.java:loadFSImage(970)) - Loaded image for txid 0 from /tmp/hadoop-zsthampi/dfs/namesecondary/current/fsimage_0000000000000000000
2017-10-20 12:02:32,952 INFO  [SecondaryNameNode Status
Name Node Address      : c101/10.4.1.102:9000
Start Time             : Fri Oct 20 12:01:29 EDT 2017
Last Checkpoint        : -- seconds ago
Checkpoint Period      : 3600 seconds
Checkpoint Transactions: 1000000
Checkpoint Dirs        : [file:///tmp/hadoop-zsthampi/dfs/namesecondary]
Checkpoint Edits Dirs  : [file:///tmp/hadoop-zsthampi/dfs/namesecondary]] namenode.NameCache (NameCache.java:initialized(143)) - initialized with 0 entries 0 lookups
2017-10-20 12:02:32,960 INFO  [SecondaryNameNode Status
Name Node Address      : c101/10.4.1.102:9000
Start Time             : Fri Oct 20 12:01:29 EDT 2017
Last Checkpoint        : -- seconds ago
Checkpoint Period      : 3600 seconds
Checkpoint Transactions: 1000000
Checkpoint Dirs        : [file:///tmp/hadoop-zsthampi/dfs/namesecondary]
Checkpoint Edits Dirs  : [file:///tmp/hadoop-zsthampi/dfs/namesecondary]] namenode.Checkpointer (Checkpointer.java:rollForwardByApplyingLogs(309)) - Checkpointer about to load edits from 1 stream(s).
2017-10-20 12:02:32,966 INFO  [SecondaryNameNode Status
Name Node Address      : c101/10.4.1.102:9000
Start Time             : Fri Oct 20 12:01:29 EDT 2017
Last Checkpoint        : -- seconds ago
Checkpoint Period      : 3600 seconds
Checkpoint Transactions: 1000000
Checkpoint Dirs        : [file:///tmp/hadoop-zsthampi/dfs/namesecondary]
Checkpoint Edits Dirs  : [file:///tmp/hadoop-zsthampi/dfs/namesecondary]] namenode.FSImage (FSImage.java:loadEdits(834)) - Reading /tmp/hadoop-zsthampi/dfs/namesecondary/current/edits_0000000000000000001-0000000000000000004 expecting start txid #1
2017-10-20 12:02:32,967 INFO  [SecondaryNameNode Status
Name Node Address      : c101/10.4.1.102:9000
Start Time             : Fri Oct 20 12:01:29 EDT 2017
Last Checkpoint        : -- seconds ago
Checkpoint Period      : 3600 seconds
Checkpoint Transactions: 1000000
Checkpoint Dirs        : [file:///tmp/hadoop-zsthampi/dfs/namesecondary]
Checkpoint Edits Dirs  : [file:///tmp/hadoop-zsthampi/dfs/namesecondary]] namenode.FSImage (FSEditLogLoader.java:loadFSEdits(142)) - Start loading edits file /tmp/hadoop-zsthampi/dfs/namesecondary/current/edits_0000000000000000001-0000000000000000004
2017-10-20 12:02:33,031 INFO  [SecondaryNameNode Status
Name Node Address      : c101/10.4.1.102:9000
Start Time             : Fri Oct 20 12:01:29 EDT 2017
Last Checkpoint        : -- seconds ago
Checkpoint Period      : 3600 seconds
Checkpoint Transactions: 1000000
Checkpoint Dirs        : [file:///tmp/hadoop-zsthampi/dfs/namesecondary]
Checkpoint Edits Dirs  : [file:///tmp/hadoop-zsthampi/dfs/namesecondary]] namenode.FSImage (FSEditLogLoader.java:loadFSEdits(145)) - Edits file /tmp/hadoop-zsthampi/dfs/namesecondary/current/edits_0000000000000000001-0000000000000000004 of size 201 edits # 4 loaded in 0 seconds
2017-10-20 12:02:33,146 INFO  [SecondaryNameNode Status
Name Node Address      : c101/10.4.1.102:9000
Start Time             : Fri Oct 20 12:01:29 EDT 2017
Last Checkpoint        : -- seconds ago
Checkpoint Period      : 3600 seconds
Checkpoint Transactions: 1000000
Checkpoint Dirs        : [file:///tmp/hadoop-zsthampi/dfs/namesecondary]
Checkpoint Edits Dirs  : [file:///tmp/hadoop-zsthampi/dfs/namesecondary]] namenode.FSImageTransactionalStorageInspector (FSImageTransactionalStorageInspector.java:inspectDirectory(85)) - No version file in /tmp/hadoop-zsthampi/dfs/namesecondary
2017-10-20 12:02:33,321 INFO  [SecondaryNameNode Status
Name Node Address      : c101/10.4.1.102:9000
Start Time             : Fri Oct 20 12:01:29 EDT 2017
Last Checkpoint        : -- seconds ago
Checkpoint Period      : 3600 seconds
Checkpoint Transactions: 1000000
Checkpoint Dirs        : [file:///tmp/hadoop-zsthampi/dfs/namesecondary]
Checkpoint Edits Dirs  : [file:///tmp/hadoop-zsthampi/dfs/namesecondary]] namenode.TransferFsImage (TransferFsImage.java:uploadImageFromStorage(237)) - Uploaded image with txid 4 to namenode at http://c101:50070 in 0.135 seconds
2017-10-20 12:02:33,322 WARN  [SecondaryNameNode Status
Name Node Address      : c101/10.4.1.102:9000
Start Time             : Fri Oct 20 12:01:29 EDT 2017
Last Checkpoint        : -- seconds ago
Checkpoint Period      : 3600 seconds
Checkpoint Transactions: 1000000
Checkpoint Dirs        : [file:///tmp/hadoop-zsthampi/dfs/namesecondary]
Checkpoint Edits Dirs  : [file:///tmp/hadoop-zsthampi/dfs/namesecondary]] namenode.SecondaryNameNode (SecondaryNameNode.java:doCheckpoint(566)) - Checkpoint done. New Image Size: 499
