2017-10-20 12:01:17,911 INFO  [main] namenode.NameNode (LogAdapter.java:info(47)) - STARTUP_MSG: 
/************************************************************
STARTUP_MSG: Starting NameNode
STARTUP_MSG:   host = c101.localdomain/10.4.1.102
STARTUP_MSG:   args = []
STARTUP_MSG:   version = 2.7.2
STARTUP_MSG:   classpath = /home/zsthampi/csc548_parallel_systems/hw4/p3/hadoop/etc/hadoop:/home/zsthampi/csc548_parallel_systems/hw4/p3/hadoop/share/hadoop/common/lib/avro-1.7.4.jar:/home/zsthampi/csc548_parallel_systems/hw4/p3/hadoop/share/hadoop/common/lib/activation-1.1.jar:/home/zsthampi/csc548_parallel_systems/hw4/p3/hadoop/share/hadoop/common/lib/commons-logging-1.1.3.jar:/home/zsthampi/csc548_parallel_systems/hw4/p3/hadoop/share/hadoop/common/lib/htrace-core-3.1.0-incubating.jar:/home/zsthampi/csc548_parallel_systems/hw4/p3/hadoop/share/hadoop/common/lib/jackson-xc-1.9.13.jar:/home/zsthampi/csc548_parallel_systems/hw4/p3/hadoop/share/hadoop/common/lib/commons-compress-1.4.1.jar:/home/zsthampi/csc548_parallel_systems/hw4/p3/hadoop/share/hadoop/common/lib/commons-httpclient-3.1.jar:/home/zsthampi/csc548_parallel_systems/hw4/p3/hadoop/share/hadoop/common/lib/jaxb-api-2.2.2.jar:/home/zsthampi/csc548_parallel_systems/hw4/p3/hadoop/share/hadoop/common/lib/jersey-core-1.9.jar:/home/zsthampi/csc548_parallel_systems/hw4/p3/hadoop/share/hadoop/common/lib/jackson-mapper-asl-1.9.13.jar:/home/zsthampi/csc548_parallel_systems/hw4/p3/hadoop/share/hadoop/common/lib/hadoop-annotations-2.7.2.jar:/home/zsthampi/csc548_parallel_systems/hw4/p3/hadoop/share/hadoop/common/lib/slf4j-log4j12-1.7.10.jar:/home/zsthampi/csc548_parallel_systems/hw4/p3/hadoop/share/hadoop/common/lib/jetty-util-6.1.26.jar:/home/zsthampi/csc548_parallel_systems/hw4/p3/hadoop/share/hadoop/common/lib/httpclient-4.2.5.jar:/home/zsthampi/csc548_parallel_systems/hw4/p3/hadoop/share/hadoop/common/lib/httpcore-4.2.5.jar:/home/zsthampi/csc548_parallel_systems/hw4/p3/hadoop/share/hadoop/common/lib/servlet-api-2.5.jar:/home/zsthampi/csc548_parallel_systems/hw4/p3/hadoop/share/hadoop/common/lib/java-xmlbuilder-0.4.jar:/home/zsthampi/csc548_parallel_systems/hw4/p3/hadoop/share/hadoop/common/lib/mockito-all-1.8.5.jar:/home/zsthampi/csc548_parallel_systems/hw4/p3/hadoop/share/hadoop/common/lib/xmlenc-0.52.jar:/home/zsthampi/csc548_parallel_systems/hw4/p3/hadoop/share/hadoop/common/lib/paranamer-2.3.jar:/home/zsthampi/csc548_parallel_systems/hw4/p3/hadoop/share/hadoop/common/lib/commons-codec-1.4.jar:/home/zsthampi/csc548_parallel_systems/hw4/p3/hadoop/share/hadoop/common/lib/commons-net-3.1.jar:/home/zsthampi/csc548_parallel_systems/hw4/p3/hadoop/share/hadoop/common/lib/commons-digester-1.8.jar:/home/zsthampi/csc548_parallel_systems/hw4/p3/hadoop/share/hadoop/common/lib/stax-api-1.0-2.jar:/home/zsthampi/csc548_parallel_systems/hw4/p3/hadoop/share/hadoop/common/lib/hadoop-auth-2.7.2.jar:/home/zsthampi/csc548_parallel_systems/hw4/p3/hadoop/share/hadoop/common/lib/jsr305-3.0.0.jar:/home/zsthampi/csc548_parallel_systems/hw4/p3/hadoop/share/hadoop/common/lib/jsp-api-2.1.jar:/home/zsthampi/csc548_parallel_systems/hw4/p3/hadoop/share/hadoop/common/lib/guava-11.0.2.jar:/home/zsthampi/csc548_parallel_systems/hw4/p3/hadoop/share/hadoop/common/lib/log4j-1.2.17.jar:/home/zsthampi/csc548_parallel_systems/hw4/p3/hadoop/share/hadoop/common/lib/slf4j-api-1.7.10.jar:/home/zsthampi/csc548_parallel_systems/hw4/p3/hadoop/share/hadoop/common/lib/commons-io-2.4.jar:/home/zsthampi/csc548_parallel_systems/hw4/p3/hadoop/share/hadoop/common/lib/protobuf-java-2.5.0.jar:/home/zsthampi/csc548_parallel_systems/hw4/p3/hadoop/share/hadoop/common/lib/commons-beanutils-1.7.0.jar:/home/zsthampi/csc548_parallel_systems/hw4/p3/hadoop/share/hadoop/common/lib/apacheds-i18n-2.0.0-M15.jar:/home/zsthampi/csc548_parallel_systems/hw4/p3/hadoop/share/hadoop/common/lib/api-asn1-api-1.0.0-M20.jar:/home/zsthampi/csc548_parallel_systems/hw4/p3/hadoop/share/hadoop/common/lib/jackson-core-asl-1.9.13.jar:/home/zsthampi/csc548_parallel_systems/hw4/p3/hadoop/share/hadoop/common/lib/commons-cli-1.2.jar:/home/zsthampi/csc548_parallel_systems/hw4/p3/hadoop/share/hadoop/common/lib/api-util-1.0.0-M20.jar:/home/zsthampi/csc548_parallel_systems/hw4/p3/hadoop/share/hadoop/common/lib/jetty-6.1.26.jar:/home/zsthampi/csc548_parallel_systems/hw4/p3/hadoop/share/hadoop/common/lib/snappy-java-1.0.4.1.jar:/home/zsthampi/csc548_parallel_systems/hw4/p3/hadoop/share/hadoop/common/lib/xz-1.0.jar:/home/zsthampi/csc548_parallel_systems/hw4/p3/hadoop/share/hadoop/common/lib/jsch-0.1.42.jar:/home/zsthampi/csc548_parallel_systems/hw4/p3/hadoop/share/hadoop/common/lib/jackson-jaxrs-1.9.13.jar:/home/zsthampi/csc548_parallel_systems/hw4/p3/hadoop/share/hadoop/common/lib/jaxb-impl-2.2.3-1.jar:/home/zsthampi/csc548_parallel_systems/hw4/p3/hadoop/share/hadoop/common/lib/curator-client-2.7.1.jar:/home/zsthampi/csc548_parallel_systems/hw4/p3/hadoop/share/hadoop/common/lib/commons-configuration-1.6.jar:/home/zsthampi/csc548_parallel_systems/hw4/p3/hadoop/share/hadoop/common/lib/zookeeper-3.4.6.jar:/home/zsthampi/csc548_parallel_systems/hw4/p3/hadoop/share/hadoop/common/lib/jersey-server-1.9.jar:/home/zsthampi/csc548_parallel_systems/hw4/p3/hadoop/share/hadoop/common/lib/commons-math3-3.1.1.jar:/home/zsthampi/csc548_parallel_systems/hw4/p3/hadoop/share/hadoop/common/lib/jersey-json-1.9.jar:/home/zsthampi/csc548_parallel_systems/hw4/p3/hadoop/share/hadoop/common/lib/curator-framework-2.7.1.jar:/home/zsthampi/csc548_parallel_systems/hw4/p3/hadoop/share/hadoop/common/lib/asm-3.2.jar:/home/zsthampi/csc548_parallel_systems/hw4/p3/hadoop/share/hadoop/common/lib/junit-4.11.jar:/home/zsthampi/csc548_parallel_systems/hw4/p3/hadoop/share/hadoop/common/lib/apacheds-kerberos-codec-2.0.0-M15.jar:/home/zsthampi/csc548_parallel_systems/hw4/p3/hadoop/share/hadoop/common/lib/curator-recipes-2.7.1.jar:/home/zsthampi/csc548_parallel_systems/hw4/p3/hadoop/share/hadoop/common/lib/hamcrest-core-1.3.jar:/home/zsthampi/csc548_parallel_systems/hw4/p3/hadoop/share/hadoop/common/lib/gson-2.2.4.jar:/home/zsthampi/csc548_parallel_systems/hw4/p3/hadoop/share/hadoop/common/lib/netty-3.6.2.Final.jar:/home/zsthampi/csc548_parallel_systems/hw4/p3/hadoop/share/hadoop/common/lib/commons-collections-3.2.2.jar:/home/zsthampi/csc548_parallel_systems/hw4/p3/hadoop/share/hadoop/common/lib/commons-lang-2.6.jar:/home/zsthampi/csc548_parallel_systems/hw4/p3/hadoop/share/hadoop/common/lib/commons-beanutils-core-1.8.0.jar:/home/zsthampi/csc548_parallel_systems/hw4/p3/hadoop/share/hadoop/common/lib/jettison-1.1.jar:/home/zsthampi/csc548_parallel_systems/hw4/p3/hadoop/share/hadoop/common/lib/jets3t-0.9.0.jar:/home/zsthampi/csc548_parallel_systems/hw4/p3/hadoop/share/hadoop/common/hadoop-common-2.7.2-tests.jar:/home/zsthampi/csc548_parallel_systems/hw4/p3/hadoop/share/hadoop/common/hadoop-nfs-2.7.2.jar:/home/zsthampi/csc548_parallel_systems/hw4/p3/hadoop/share/hadoop/common/hadoop-common-2.7.2.jar:/home/zsthampi/csc548_parallel_systems/hw4/p3/hadoop/share/hadoop/hdfs:/home/zsthampi/csc548_parallel_systems/hw4/p3/hadoop/share/hadoop/hdfs/lib/commons-logging-1.1.3.jar:/home/zsthampi/csc548_parallel_systems/hw4/p3/hadoop/share/hadoop/hdfs/lib/htrace-core-3.1.0-incubating.jar:/home/zsthampi/csc548_parallel_systems/hw4/p3/hadoop/share/hadoop/hdfs/lib/jersey-core-1.9.jar:/home/zsthampi/csc548_parallel_systems/hw4/p3/hadoop/share/hadoop/hdfs/lib/jackson-mapper-asl-1.9.13.jar:/home/zsthampi/csc548_parallel_systems/hw4/p3/hadoop/share/hadoop/hdfs/lib/jetty-util-6.1.26.jar:/home/zsthampi/csc548_parallel_systems/hw4/p3/hadoop/share/hadoop/hdfs/lib/servlet-api-2.5.jar:/home/zsthampi/csc548_parallel_systems/hw4/p3/hadoop/share/hadoop/hdfs/lib/xmlenc-0.52.jar:/home/zsthampi/csc548_parallel_systems/hw4/p3/hadoop/share/hadoop/hdfs/lib/commons-codec-1.4.jar:/home/zsthampi/csc548_parallel_systems/hw4/p3/hadoop/share/hadoop/hdfs/lib/leveldbjni-all-1.8.jar:/home/zsthampi/csc548_parallel_systems/hw4/p3/hadoop/share/hadoop/hdfs/lib/jsr305-3.0.0.jar:/home/zsthampi/csc548_parallel_systems/hw4/p3/hadoop/share/hadoop/hdfs/lib/guava-11.0.2.jar:/home/zsthampi/csc548_parallel_systems/hw4/p3/hadoop/share/hadoop/hdfs/lib/log4j-1.2.17.jar:/home/zsthampi/csc548_parallel_systems/hw4/p3/hadoop/share/hadoop/hdfs/lib/commons-io-2.4.jar:/home/zsthampi/csc548_parallel_systems/hw4/p3/hadoop/share/hadoop/hdfs/lib/protobuf-java-2.5.0.jar:/home/zsthampi/csc548_parallel_systems/hw4/p3/hadoop/share/hadoop/hdfs/lib/commons-daemon-1.0.13.jar:/home/zsthampi/csc548_parallel_systems/hw4/p3/hadoop/share/hadoop/hdfs/lib/jackson-core-asl-1.9.13.jar:/home/zsthampi/csc548_parallel_systems/hw4/p3/hadoop/share/hadoop/hdfs/lib/commons-cli-1.2.jar:/home/zsthampi/csc548_parallel_systems/hw4/p3/hadoop/share/hadoop/hdfs/lib/jetty-6.1.26.jar:/home/zsthampi/csc548_parallel_systems/hw4/p3/hadoop/share/hadoop/hdfs/lib/netty-all-4.0.23.Final.jar:/home/zsthampi/csc548_parallel_systems/hw4/p3/hadoop/share/hadoop/hdfs/lib/jersey-server-1.9.jar:/home/zsthampi/csc548_parallel_systems/hw4/p3/hadoop/share/hadoop/hdfs/lib/asm-3.2.jar:/home/zsthampi/csc548_parallel_systems/hw4/p3/hadoop/share/hadoop/hdfs/lib/xercesImpl-2.9.1.jar:/home/zsthampi/csc548_parallel_systems/hw4/p3/hadoop/share/hadoop/hdfs/lib/xml-apis-1.3.04.jar:/home/zsthampi/csc548_parallel_systems/hw4/p3/hadoop/share/hadoop/hdfs/lib/netty-3.6.2.Final.jar:/home/zsthampi/csc548_parallel_systems/hw4/p3/hadoop/share/hadoop/hdfs/lib/commons-lang-2.6.jar:/home/zsthampi/csc548_parallel_systems/hw4/p3/hadoop/share/hadoop/hdfs/hadoop-hdfs-2.7.2.jar:/home/zsthampi/csc548_parallel_systems/hw4/p3/hadoop/share/hadoop/hdfs/hadoop-hdfs-2.7.2-tests.jar:/home/zsthampi/csc548_parallel_systems/hw4/p3/hadoop/share/hadoop/hdfs/hadoop-hdfs-nfs-2.7.2.jar:/home/zsthampi/csc548_parallel_systems/hw4/p3/hadoop/share/hadoop/yarn/lib/aopalliance-1.0.jar:/home/zsthampi/csc548_parallel_systems/hw4/p3/hadoop/share/hadoop/yarn/lib/activation-1.1.jar:/home/zsthampi/csc548_parallel_systems/hw4/p3/hadoop/share/hadoop/yarn/lib/commons-logging-1.1.3.jar:/home/zsthampi/csc548_parallel_systems/hw4/p3/hadoop/share/hadoop/yarn/lib/jackson-xc-1.9.13.jar:/home/zsthampi/csc548_parallel_systems/hw4/p3/hadoop/share/hadoop/yarn/lib/commons-compress-1.4.1.jar:/home/zsthampi/csc548_parallel_systems/hw4/p3/hadoop/share/hadoop/yarn/lib/jaxb-api-2.2.2.jar:/home/zsthampi/csc548_parallel_systems/hw4/p3/hadoop/share/hadoop/yarn/lib/jersey-core-1.9.jar:/home/zsthampi/csc548_parallel_systems/hw4/p3/hadoop/share/hadoop/yarn/lib/jackson-mapper-asl-1.9.13.jar:/home/zsthampi/csc548_parallel_systems/hw4/p3/hadoop/share/hadoop/yarn/lib/jetty-util-6.1.26.jar:/home/zsthampi/csc548_parallel_systems/hw4/p3/hadoop/share/hadoop/yarn/lib/servlet-api-2.5.jar:/home/zsthampi/csc548_parallel_systems/hw4/p3/hadoop/share/hadoop/yarn/lib/commons-codec-1.4.jar:/home/zsthampi/csc548_parallel_systems/hw4/p3/hadoop/share/hadoop/yarn/lib/stax-api-1.0-2.jar:/home/zsthampi/csc548_parallel_systems/hw4/p3/hadoop/share/hadoop/yarn/lib/leveldbjni-all-1.8.jar:/home/zsthampi/csc548_parallel_systems/hw4/p3/hadoop/share/hadoop/yarn/lib/jsr305-3.0.0.jar:/home/zsthampi/csc548_parallel_systems/hw4/p3/hadoop/share/hadoop/yarn/lib/guava-11.0.2.jar:/home/zsthampi/csc548_parallel_systems/hw4/p3/hadoop/share/hadoop/yarn/lib/log4j-1.2.17.jar:/home/zsthampi/csc548_parallel_systems/hw4/p3/hadoop/share/hadoop/yarn/lib/jersey-guice-1.9.jar:/home/zsthampi/csc548_parallel_systems/hw4/p3/hadoop/share/hadoop/yarn/lib/commons-io-2.4.jar:/home/zsthampi/csc548_parallel_systems/hw4/p3/hadoop/share/hadoop/yarn/lib/protobuf-java-2.5.0.jar:/home/zsthampi/csc548_parallel_systems/hw4/p3/hadoop/share/hadoop/yarn/lib/jackson-core-asl-1.9.13.jar:/home/zsthampi/csc548_parallel_systems/hw4/p3/hadoop/share/hadoop/yarn/lib/commons-cli-1.2.jar:/home/zsthampi/csc548_parallel_systems/hw4/p3/hadoop/share/hadoop/yarn/lib/jetty-6.1.26.jar:/home/zsthampi/csc548_parallel_systems/hw4/p3/hadoop/share/hadoop/yarn/lib/javax.inject-1.jar:/home/zsthampi/csc548_parallel_systems/hw4/p3/hadoop/share/hadoop/yarn/lib/xz-1.0.jar:/home/zsthampi/csc548_parallel_systems/hw4/p3/hadoop/share/hadoop/yarn/lib/guice-3.0.jar:/home/zsthampi/csc548_parallel_systems/hw4/p3/hadoop/share/hadoop/yarn/lib/jackson-jaxrs-1.9.13.jar:/home/zsthampi/csc548_parallel_systems/hw4/p3/hadoop/share/hadoop/yarn/lib/jaxb-impl-2.2.3-1.jar:/home/zsthampi/csc548_parallel_systems/hw4/p3/hadoop/share/hadoop/yarn/lib/zookeeper-3.4.6.jar:/home/zsthampi/csc548_parallel_systems/hw4/p3/hadoop/share/hadoop/yarn/lib/jersey-server-1.9.jar:/home/zsthampi/csc548_parallel_systems/hw4/p3/hadoop/share/hadoop/yarn/lib/jersey-json-1.9.jar:/home/zsthampi/csc548_parallel_systems/hw4/p3/hadoop/share/hadoop/yarn/lib/asm-3.2.jar:/home/zsthampi/csc548_parallel_systems/hw4/p3/hadoop/share/hadoop/yarn/lib/zookeeper-3.4.6-tests.jar:/home/zsthampi/csc548_parallel_systems/hw4/p3/hadoop/share/hadoop/yarn/lib/jersey-client-1.9.jar:/home/zsthampi/csc548_parallel_systems/hw4/p3/hadoop/share/hadoop/yarn/lib/netty-3.6.2.Final.jar:/home/zsthampi/csc548_parallel_systems/hw4/p3/hadoop/share/hadoop/yarn/lib/commons-collections-3.2.2.jar:/home/zsthampi/csc548_parallel_systems/hw4/p3/hadoop/share/hadoop/yarn/lib/commons-lang-2.6.jar:/home/zsthampi/csc548_parallel_systems/hw4/p3/hadoop/share/hadoop/yarn/lib/jettison-1.1.jar:/home/zsthampi/csc548_parallel_systems/hw4/p3/hadoop/share/hadoop/yarn/lib/guice-servlet-3.0.jar:/home/zsthampi/csc548_parallel_systems/hw4/p3/hadoop/share/hadoop/yarn/hadoop-yarn-server-nodemanager-2.7.2.jar:/home/zsthampi/csc548_parallel_systems/hw4/p3/hadoop/share/hadoop/yarn/hadoop-yarn-applications-distributedshell-2.7.2.jar:/home/zsthampi/csc548_parallel_systems/hw4/p3/hadoop/share/hadoop/yarn/hadoop-yarn-server-resourcemanager-2.7.2.jar:/home/zsthampi/csc548_parallel_systems/hw4/p3/hadoop/share/hadoop/yarn/hadoop-yarn-registry-2.7.2.jar:/home/zsthampi/csc548_parallel_systems/hw4/p3/hadoop/share/hadoop/yarn/hadoop-yarn-server-sharedcachemanager-2.7.2.jar:/home/zsthampi/csc548_parallel_systems/hw4/p3/hadoop/share/hadoop/yarn/hadoop-yarn-server-common-2.7.2.jar:/home/zsthampi/csc548_parallel_systems/hw4/p3/hadoop/share/hadoop/yarn/hadoop-yarn-server-web-proxy-2.7.2.jar:/home/zsthampi/csc548_parallel_systems/hw4/p3/hadoop/share/hadoop/yarn/hadoop-yarn-server-applicationhistoryservice-2.7.2.jar:/home/zsthampi/csc548_parallel_systems/hw4/p3/hadoop/share/hadoop/yarn/hadoop-yarn-server-tests-2.7.2.jar:/home/zsthampi/csc548_parallel_systems/hw4/p3/hadoop/share/hadoop/yarn/hadoop-yarn-api-2.7.2.jar:/home/zsthampi/csc548_parallel_systems/hw4/p3/hadoop/share/hadoop/yarn/hadoop-yarn-client-2.7.2.jar:/home/zsthampi/csc548_parallel_systems/hw4/p3/hadoop/share/hadoop/yarn/hadoop-yarn-applications-unmanaged-am-launcher-2.7.2.jar:/home/zsthampi/csc548_parallel_systems/hw4/p3/hadoop/share/hadoop/yarn/hadoop-yarn-common-2.7.2.jar:/home/zsthampi/csc548_parallel_systems/hw4/p3/hadoop/share/hadoop/mapreduce/lib/aopalliance-1.0.jar:/home/zsthampi/csc548_parallel_systems/hw4/p3/hadoop/share/hadoop/mapreduce/lib/avro-1.7.4.jar:/home/zsthampi/csc548_parallel_systems/hw4/p3/hadoop/share/hadoop/mapreduce/lib/commons-compress-1.4.1.jar:/home/zsthampi/csc548_parallel_systems/hw4/p3/hadoop/share/hadoop/mapreduce/lib/jersey-core-1.9.jar:/home/zsthampi/csc548_parallel_systems/hw4/p3/hadoop/share/hadoop/mapreduce/lib/jackson-mapper-asl-1.9.13.jar:/home/zsthampi/csc548_parallel_systems/hw4/p3/hadoop/share/hadoop/mapreduce/lib/hadoop-annotations-2.7.2.jar:/home/zsthampi/csc548_parallel_systems/hw4/p3/hadoop/share/hadoop/mapreduce/lib/paranamer-2.3.jar:/home/zsthampi/csc548_parallel_systems/hw4/p3/hadoop/share/hadoop/mapreduce/lib/leveldbjni-all-1.8.jar:/home/zsthampi/csc548_parallel_systems/hw4/p3/hadoop/share/hadoop/mapreduce/lib/log4j-1.2.17.jar:/home/zsthampi/csc548_parallel_systems/hw4/p3/hadoop/share/hadoop/mapreduce/lib/jersey-guice-1.9.jar:/home/zsthampi/csc548_parallel_systems/hw4/p3/hadoop/share/hadoop/mapreduce/lib/commons-io-2.4.jar:/home/zsthampi/csc548_parallel_systems/hw4/p3/hadoop/share/hadoop/mapreduce/lib/protobuf-java-2.5.0.jar:/home/zsthampi/csc548_parallel_systems/hw4/p3/hadoop/share/hadoop/mapreduce/lib/jackson-core-asl-1.9.13.jar:/home/zsthampi/csc548_parallel_systems/hw4/p3/hadoop/share/hadoop/mapreduce/lib/javax.inject-1.jar:/home/zsthampi/csc548_parallel_systems/hw4/p3/hadoop/share/hadoop/mapreduce/lib/snappy-java-1.0.4.1.jar:/home/zsthampi/csc548_parallel_systems/hw4/p3/hadoop/share/hadoop/mapreduce/lib/xz-1.0.jar:/home/zsthampi/csc548_parallel_systems/hw4/p3/hadoop/share/hadoop/mapreduce/lib/guice-3.0.jar:/home/zsthampi/csc548_parallel_systems/hw4/p3/hadoop/share/hadoop/mapreduce/lib/jersey-server-1.9.jar:/home/zsthampi/csc548_parallel_systems/hw4/p3/hadoop/share/hadoop/mapreduce/lib/asm-3.2.jar:/home/zsthampi/csc548_parallel_systems/hw4/p3/hadoop/share/hadoop/mapreduce/lib/junit-4.11.jar:/home/zsthampi/csc548_parallel_systems/hw4/p3/hadoop/share/hadoop/mapreduce/lib/hamcrest-core-1.3.jar:/home/zsthampi/csc548_parallel_systems/hw4/p3/hadoop/share/hadoop/mapreduce/lib/netty-3.6.2.Final.jar:/home/zsthampi/csc548_parallel_systems/hw4/p3/hadoop/share/hadoop/mapreduce/lib/guice-servlet-3.0.jar:/home/zsthampi/csc548_parallel_systems/hw4/p3/hadoop/share/hadoop/mapreduce/hadoop-mapreduce-client-hs-plugins-2.7.2.jar:/home/zsthampi/csc548_parallel_systems/hw4/p3/hadoop/share/hadoop/mapreduce/hadoop-mapreduce-client-jobclient-2.7.2-tests.jar:/home/zsthampi/csc548_parallel_systems/hw4/p3/hadoop/share/hadoop/mapreduce/hadoop-mapreduce-client-core-2.7.2.jar:/home/zsthampi/csc548_parallel_systems/hw4/p3/hadoop/share/hadoop/mapreduce/hadoop-mapreduce-client-shuffle-2.7.2.jar:/home/zsthampi/csc548_parallel_systems/hw4/p3/hadoop/share/hadoop/mapreduce/hadoop-mapreduce-client-common-2.7.2.jar:/home/zsthampi/csc548_parallel_systems/hw4/p3/hadoop/share/hadoop/mapreduce/hadoop-mapreduce-client-hs-2.7.2.jar:/home/zsthampi/csc548_parallel_systems/hw4/p3/hadoop/share/hadoop/mapreduce/hadoop-mapreduce-client-app-2.7.2.jar:/home/zsthampi/csc548_parallel_systems/hw4/p3/hadoop/share/hadoop/mapreduce/hadoop-mapreduce-examples-2.7.2.jar:/home/zsthampi/csc548_parallel_systems/hw4/p3/hadoop/share/hadoop/mapreduce/hadoop-mapreduce-client-jobclient-2.7.2.jar
STARTUP_MSG:   build = https://git-wip-us.apache.org/repos/asf/hadoop.git -r b165c4fe8a74265c792ce23f546c64604acf0e41; compiled by 'jenkins' on 2016-01-26T00:08Z
STARTUP_MSG:   java = 1.8.0_121
************************************************************/
2017-10-20 12:01:17,927 INFO  [main] namenode.NameNode (LogAdapter.java:info(47)) - registered UNIX signal handlers for [TERM, HUP, INT]
2017-10-20 12:01:17,931 INFO  [main] namenode.NameNode (NameNode.java:createNameNode(1417)) - createNameNode []
2017-10-20 12:01:18,397 WARN  [main] impl.MetricsConfig (MetricsConfig.java:loadFirst(125)) - Cannot locate configuration: tried hadoop-metrics2-namenode.properties,hadoop-metrics2.properties
2017-10-20 12:01:18,661 INFO  [main] impl.MetricsSystemImpl (MetricsSystemImpl.java:startTimer(377)) - Scheduled snapshot period at 10 second(s).
2017-10-20 12:01:18,661 INFO  [main] impl.MetricsSystemImpl (MetricsSystemImpl.java:start(192)) - NameNode metrics system started
2017-10-20 12:01:18,665 INFO  [main] namenode.NameNode (NameNode.java:setClientNamenodeAddress(397)) - fs.defaultFS is hdfs://c101:9000
2017-10-20 12:01:18,667 INFO  [main] namenode.NameNode (NameNode.java:setClientNamenodeAddress(417)) - Clients are to use c101:9000 to access this namenode/service.
2017-10-20 12:01:19,033 INFO  [main] hdfs.DFSUtil (DFSUtil.java:httpServerTemplateForNNAndJN(1703)) - Starting Web-server for hdfs at: http://0.0.0.0:50070
2017-10-20 12:01:19,156 INFO  [main] mortbay.log (Slf4jLog.java:info(67)) - Logging to org.slf4j.impl.Log4jLoggerAdapter(org.mortbay.log) via org.mortbay.log.Slf4jLog
2017-10-20 12:01:19,172 INFO  [main] server.AuthenticationFilter (AuthenticationFilter.java:constructSecretProvider(284)) - Unable to initialize FileSignerSecretProvider, falling back to use random secrets.
2017-10-20 12:01:19,184 INFO  [main] http.HttpRequestLog (HttpRequestLog.java:getRequestLog(80)) - Http request log for http.requests.namenode is not defined
2017-10-20 12:01:19,193 INFO  [main] http.HttpServer2 (HttpServer2.java:addGlobalFilter(710)) - Added global filter 'safety' (class=org.apache.hadoop.http.HttpServer2$QuotingInputFilter)
2017-10-20 12:01:19,197 INFO  [main] http.HttpServer2 (HttpServer2.java:addFilter(685)) - Added filter static_user_filter (class=org.apache.hadoop.http.lib.StaticUserWebFilter$StaticUserFilter) to context hdfs
2017-10-20 12:01:19,198 INFO  [main] http.HttpServer2 (HttpServer2.java:addFilter(693)) - Added filter static_user_filter (class=org.apache.hadoop.http.lib.StaticUserWebFilter$StaticUserFilter) to context logs
2017-10-20 12:01:19,198 INFO  [main] http.HttpServer2 (HttpServer2.java:addFilter(693)) - Added filter static_user_filter (class=org.apache.hadoop.http.lib.StaticUserWebFilter$StaticUserFilter) to context static
2017-10-20 12:01:19,301 INFO  [main] http.HttpServer2 (NameNodeHttpServer.java:initWebHdfs(86)) - Added filter 'org.apache.hadoop.hdfs.web.AuthFilter' (class=org.apache.hadoop.hdfs.web.AuthFilter)
2017-10-20 12:01:19,303 INFO  [main] http.HttpServer2 (HttpServer2.java:addJerseyResourcePackage(609)) - addJerseyResourcePackage: packageName=org.apache.hadoop.hdfs.server.namenode.web.resources;org.apache.hadoop.hdfs.web.resources, pathSpec=/webhdfs/v1/*
2017-10-20 12:01:19,361 INFO  [main] http.HttpServer2 (HttpServer2.java:openListeners(915)) - Jetty bound to port 50070
2017-10-20 12:01:19,361 INFO  [main] mortbay.log (Slf4jLog.java:info(67)) - jetty-6.1.26
2017-10-20 12:01:19,502 WARN  [main] mortbay.log (Slf4jLog.java:warn(76)) - Can't reuse /tmp/Jetty_0_0_0_0_50070_hdfs____w2cu08, using /tmp/Jetty_0_0_0_0_50070_hdfs____w2cu08_1994350878122764351
2017-10-20 12:01:19,871 INFO  [main] mortbay.log (Slf4jLog.java:info(67)) - Started HttpServer2$SelectChannelConnectorWithSafeStartup@0.0.0.0:50070
2017-10-20 12:01:19,929 WARN  [main] common.Util (Util.java:stringAsURI(56)) - Path /tmp/zsthampi/name should be specified as a URI in configuration files. Please update hdfs configuration.
2017-10-20 12:01:19,930 WARN  [main] common.Util (Util.java:stringAsURI(56)) - Path /tmp/zsthampi/name should be specified as a URI in configuration files. Please update hdfs configuration.
2017-10-20 12:01:19,931 WARN  [main] namenode.FSNamesystem (FSNamesystem.java:checkConfiguration(647)) - Only one image storage directory (dfs.namenode.name.dir) configured. Beware of data loss due to lack of redundant storage directories!
2017-10-20 12:01:19,931 WARN  [main] namenode.FSNamesystem (FSNamesystem.java:checkConfiguration(652)) - Only one namespace edits storage directory (dfs.namenode.edits.dir) configured. Beware of data loss due to lack of redundant storage directories!
2017-10-20 12:01:19,939 WARN  [main] common.Util (Util.java:stringAsURI(56)) - Path /tmp/zsthampi/name should be specified as a URI in configuration files. Please update hdfs configuration.
2017-10-20 12:01:19,940 WARN  [main] common.Util (Util.java:stringAsURI(56)) - Path /tmp/zsthampi/name should be specified as a URI in configuration files. Please update hdfs configuration.
2017-10-20 12:01:19,997 INFO  [main] namenode.FSNamesystem (FSNamesystem.java:<init>(716)) - No KeyProvider found.
2017-10-20 12:01:19,997 INFO  [main] namenode.FSNamesystem (FSNamesystem.java:<init>(726)) - fsLock is fair:true
2017-10-20 12:01:20,107 INFO  [main] blockmanagement.DatanodeManager (DatanodeManager.java:<init>(239)) - dfs.block.invalidate.limit=1000
2017-10-20 12:01:20,108 INFO  [main] blockmanagement.DatanodeManager (DatanodeManager.java:<init>(245)) - dfs.namenode.datanode.registration.ip-hostname-check=true
2017-10-20 12:01:20,110 INFO  [main] blockmanagement.BlockManager (InvalidateBlocks.java:printBlockDeletionTime(71)) - dfs.namenode.startup.delay.block.deletion.sec is set to 000:00:00:00.000
2017-10-20 12:01:20,113 INFO  [main] blockmanagement.BlockManager (InvalidateBlocks.java:printBlockDeletionTime(76)) - The block deletion will start around 2017 Oct 20 12:01:20
2017-10-20 12:01:20,116 INFO  [main] util.GSet (LightWeightGSet.java:computeCapacity(354)) - Computing capacity for map BlocksMap
2017-10-20 12:01:20,116 INFO  [main] util.GSet (LightWeightGSet.java:computeCapacity(355)) - VM type       = 64-bit
2017-10-20 12:01:20,118 INFO  [main] util.GSet (LightWeightGSet.java:computeCapacity(356)) - 2.0% max memory 889 MB = 17.8 MB
2017-10-20 12:01:20,119 INFO  [main] util.GSet (LightWeightGSet.java:computeCapacity(361)) - capacity      = 2^21 = 2097152 entries
2017-10-20 12:01:20,130 INFO  [main] blockmanagement.BlockManager (BlockManager.java:createBlockTokenSecretManager(358)) - dfs.block.access.token.enable=false
2017-10-20 12:01:20,131 INFO  [main] blockmanagement.BlockManager (BlockManager.java:<init>(344)) - defaultReplication         = 1
2017-10-20 12:01:20,131 INFO  [main] blockmanagement.BlockManager (BlockManager.java:<init>(345)) - maxReplication             = 512
2017-10-20 12:01:20,131 INFO  [main] blockmanagement.BlockManager (BlockManager.java:<init>(346)) - minReplication             = 1
2017-10-20 12:01:20,131 INFO  [main] blockmanagement.BlockManager (BlockManager.java:<init>(347)) - maxReplicationStreams      = 2
2017-10-20 12:01:20,131 INFO  [main] blockmanagement.BlockManager (BlockManager.java:<init>(348)) - replicationRecheckInterval = 3000
2017-10-20 12:01:20,131 INFO  [main] blockmanagement.BlockManager (BlockManager.java:<init>(349)) - encryptDataTransfer        = false
2017-10-20 12:01:20,132 INFO  [main] blockmanagement.BlockManager (BlockManager.java:<init>(350)) - maxNumBlocksToLog          = 1000
2017-10-20 12:01:20,142 INFO  [main] namenode.FSNamesystem (FSNamesystem.java:<init>(746)) - fsOwner             = zsthampi (auth:SIMPLE)
2017-10-20 12:01:20,142 INFO  [main] namenode.FSNamesystem (FSNamesystem.java:<init>(747)) - supergroup          = supergroup
2017-10-20 12:01:20,142 INFO  [main] namenode.FSNamesystem (FSNamesystem.java:<init>(748)) - isPermissionEnabled = true
2017-10-20 12:01:20,143 INFO  [main] namenode.FSNamesystem (FSNamesystem.java:<init>(759)) - HA Enabled: false
2017-10-20 12:01:20,145 INFO  [main] namenode.FSNamesystem (FSNamesystem.java:<init>(796)) - Append Enabled: true
2017-10-20 12:01:20,437 INFO  [main] util.GSet (LightWeightGSet.java:computeCapacity(354)) - Computing capacity for map INodeMap
2017-10-20 12:01:20,438 INFO  [main] util.GSet (LightWeightGSet.java:computeCapacity(355)) - VM type       = 64-bit
2017-10-20 12:01:20,438 INFO  [main] util.GSet (LightWeightGSet.java:computeCapacity(356)) - 1.0% max memory 889 MB = 8.9 MB
2017-10-20 12:01:20,438 INFO  [main] util.GSet (LightWeightGSet.java:computeCapacity(361)) - capacity      = 2^20 = 1048576 entries
2017-10-20 12:01:20,440 INFO  [main] namenode.FSDirectory (FSDirectory.java:<init>(235)) - ACLs enabled? false
2017-10-20 12:01:20,440 INFO  [main] namenode.FSDirectory (FSDirectory.java:<init>(239)) - XAttrs enabled? true
2017-10-20 12:01:20,440 INFO  [main] namenode.FSDirectory (FSDirectory.java:<init>(247)) - Maximum size of an xattr: 16384
2017-10-20 12:01:20,440 INFO  [main] namenode.NameNode (FSDirectory.java:<init>(298)) - Caching file names occuring more than 10 times
2017-10-20 12:01:20,452 INFO  [main] util.GSet (LightWeightGSet.java:computeCapacity(354)) - Computing capacity for map cachedBlocks
2017-10-20 12:01:20,452 INFO  [main] util.GSet (LightWeightGSet.java:computeCapacity(355)) - VM type       = 64-bit
2017-10-20 12:01:20,452 INFO  [main] util.GSet (LightWeightGSet.java:computeCapacity(356)) - 0.25% max memory 889 MB = 2.2 MB
2017-10-20 12:01:20,452 INFO  [main] util.GSet (LightWeightGSet.java:computeCapacity(361)) - capacity      = 2^18 = 262144 entries
2017-10-20 12:01:20,455 INFO  [main] namenode.FSNamesystem (FSNamesystem.java:<init>(5166)) - dfs.namenode.safemode.threshold-pct = 0.9990000128746033
2017-10-20 12:01:20,455 INFO  [main] namenode.FSNamesystem (FSNamesystem.java:<init>(5167)) - dfs.namenode.safemode.min.datanodes = 0
2017-10-20 12:01:20,455 INFO  [main] namenode.FSNamesystem (FSNamesystem.java:<init>(5168)) - dfs.namenode.safemode.extension     = 30000
2017-10-20 12:01:20,459 INFO  [main] metrics.TopMetrics (TopMetrics.java:logConf(65)) - NNTop conf: dfs.namenode.top.window.num.buckets = 10
2017-10-20 12:01:20,460 INFO  [main] metrics.TopMetrics (TopMetrics.java:logConf(67)) - NNTop conf: dfs.namenode.top.num.users = 10
2017-10-20 12:01:20,460 INFO  [main] metrics.TopMetrics (TopMetrics.java:logConf(69)) - NNTop conf: dfs.namenode.top.windows.minutes = 1,5,25
2017-10-20 12:01:20,462 INFO  [main] namenode.FSNamesystem (FSNamesystem.java:initRetryCache(905)) - Retry cache on namenode is enabled
2017-10-20 12:01:20,462 INFO  [main] namenode.FSNamesystem (FSNamesystem.java:initRetryCache(913)) - Retry cache will use 0.03 of total heap and retry cache entry expiry time is 600000 millis
2017-10-20 12:01:20,465 INFO  [main] util.GSet (LightWeightGSet.java:computeCapacity(354)) - Computing capacity for map NameNodeRetryCache
2017-10-20 12:01:20,465 INFO  [main] util.GSet (LightWeightGSet.java:computeCapacity(355)) - VM type       = 64-bit
2017-10-20 12:01:20,465 INFO  [main] util.GSet (LightWeightGSet.java:computeCapacity(356)) - 0.029999999329447746% max memory 889 MB = 273.1 KB
2017-10-20 12:01:20,466 INFO  [main] util.GSet (LightWeightGSet.java:computeCapacity(361)) - capacity      = 2^15 = 32768 entries
2017-10-20 12:01:20,511 INFO  [main] common.Storage (Storage.java:tryLock(715)) - Lock on /tmp/zsthampi/name/in_use.lock acquired by nodename 15457@c101.localdomain
2017-10-20 12:01:20,612 INFO  [main] namenode.FileJournalManager (FileJournalManager.java:recoverUnfinalizedSegments(362)) - Recovering unfinalized segments in /tmp/zsthampi/name/current
2017-10-20 12:01:20,613 INFO  [main] namenode.FSImage (FSImage.java:loadFSImage(669)) - No edit log streams selected.
2017-10-20 12:01:20,682 INFO  [main] namenode.FSImageFormatPBINode (FSImageFormatPBINode.java:loadINodeSection(255)) - Loading 1 INodes.
2017-10-20 12:01:20,727 INFO  [main] namenode.FSImageFormatProtobuf (FSImageFormatProtobuf.java:load(181)) - Loaded FSImage in 0 seconds.
2017-10-20 12:01:20,728 INFO  [main] namenode.FSImage (FSImage.java:loadFSImage(970)) - Loaded image for txid 0 from /tmp/zsthampi/name/current/fsimage_0000000000000000000
2017-10-20 12:01:20,742 INFO  [main] namenode.FSNamesystem (FSNamesystem.java:loadFSImage(982)) - Need to save fs image? false (staleImage=false, haEnabled=false, isRollingUpgrade=false)
2017-10-20 12:01:20,743 INFO  [main] namenode.FSEditLog (FSEditLog.java:startLogSegment(1218)) - Starting log segment at 1
2017-10-20 12:01:21,095 INFO  [main] namenode.NameCache (NameCache.java:initialized(143)) - initialized with 0 entries 0 lookups
2017-10-20 12:01:21,096 INFO  [main] namenode.FSNamesystem (FSNamesystem.java:loadFromDisk(688)) - Finished loading FSImage in 625 msecs
2017-10-20 12:01:21,693 INFO  [main] namenode.NameNode (NameNodeRpcServer.java:<init>(342)) - RPC server is binding to c101:9000
2017-10-20 12:01:21,717 INFO  [main] ipc.CallQueueManager (CallQueueManager.java:<init>(53)) - Using callQueue class java.util.concurrent.LinkedBlockingQueue
2017-10-20 12:01:21,738 INFO  [Socket Reader #1 for port 9000] ipc.Server (Server.java:run(606)) - Starting Socket Reader #1 for port 9000
2017-10-20 12:01:21,790 INFO  [main] namenode.FSNamesystem (FSNamesystem.java:registerMBean(6031)) - Registered FSNamesystemState MBean
2017-10-20 12:01:21,791 WARN  [main] common.Util (Util.java:stringAsURI(56)) - Path /tmp/zsthampi/name should be specified as a URI in configuration files. Please update hdfs configuration.
2017-10-20 12:01:21,827 INFO  [main] namenode.LeaseManager (LeaseManager.java:getNumUnderConstructionBlocks(136)) - Number of blocks under construction: 0
2017-10-20 12:01:21,827 INFO  [main] namenode.LeaseManager (LeaseManager.java:getNumUnderConstructionBlocks(136)) - Number of blocks under construction: 0
2017-10-20 12:01:21,827 INFO  [main] namenode.FSNamesystem (FSNamesystem.java:initializeReplQueues(1182)) - initializing replication queues
2017-10-20 12:01:21,828 INFO  [main] hdfs.StateChange (FSNamesystem.java:leave(5241)) - STATE* Leaving safe mode after 1 secs
2017-10-20 12:01:21,829 INFO  [main] hdfs.StateChange (FSNamesystem.java:leave(5253)) - STATE* Network topology has 0 racks and 0 datanodes
2017-10-20 12:01:21,829 INFO  [main] hdfs.StateChange (FSNamesystem.java:leave(5256)) - STATE* UnderReplicatedBlocks has 0 blocks
2017-10-20 12:01:21,840 INFO  [main] blockmanagement.DatanodeDescriptor (DatanodeDescriptor.java:updateHeartbeatState(451)) - Number of failed storage changes from 0 to 0
2017-10-20 12:01:21,854 INFO  [Replication Queue Initializer] blockmanagement.BlockManager (BlockManager.java:processMisReplicatesAsync(2763)) - Total number of blocks            = 0
2017-10-20 12:01:21,855 INFO  [Replication Queue Initializer] blockmanagement.BlockManager (BlockManager.java:processMisReplicatesAsync(2764)) - Number of invalid blocks          = 0
2017-10-20 12:01:21,855 INFO  [Replication Queue Initializer] blockmanagement.BlockManager (BlockManager.java:processMisReplicatesAsync(2765)) - Number of under-replicated blocks = 0
2017-10-20 12:01:21,855 INFO  [Replication Queue Initializer] blockmanagement.BlockManager (BlockManager.java:processMisReplicatesAsync(2766)) - Number of  over-replicated blocks = 0
2017-10-20 12:01:21,855 INFO  [Replication Queue Initializer] blockmanagement.BlockManager (BlockManager.java:processMisReplicatesAsync(2768)) - Number of blocks being written    = 0
2017-10-20 12:01:21,855 INFO  [Replication Queue Initializer] hdfs.StateChange (BlockManager.java:processMisReplicatesAsync(2769)) - STATE* Replication Queue initialization scan for invalid, over- and under-replicated blocks completed in 27 msec
2017-10-20 12:01:21,977 INFO  [IPC Server Responder] ipc.Server (Server.java:run(836)) - IPC Server Responder: starting
2017-10-20 12:01:21,977 INFO  [IPC Server listener on 9000] ipc.Server (Server.java:run(676)) - IPC Server listener on 9000: starting
2017-10-20 12:01:21,984 INFO  [main] namenode.NameNode (NameNode.java:startCommonServices(695)) - NameNode RPC up at: c101/10.4.1.102:9000
2017-10-20 12:01:21,984 INFO  [main] namenode.FSNamesystem (FSNamesystem.java:startActiveServices(1103)) - Starting services required for active state
2017-10-20 12:01:21,990 INFO  [CacheReplicationMonitor(322689190)] blockmanagement.CacheReplicationMonitor (CacheReplicationMonitor.java:run(160)) - Starting CacheReplicationMonitor with interval 30000 milliseconds
2017-10-20 12:01:26,581 INFO  [IPC Server handler 0 on 9000] hdfs.StateChange (DatanodeManager.java:registerDatanode(879)) - BLOCK* registerDatanode: from DatanodeRegistration(10.4.1.102:50010, datanodeUuid=10039572-5983-4a38-ba60-25865c120e15, infoPort=50075, infoSecurePort=0, ipcPort=50020, storageInfo=lv=-56;cid=CID-38813bff-3c90-462c-b86f-6d65cac21388;nsid=365376368;c=0) storage 10039572-5983-4a38-ba60-25865c120e15
2017-10-20 12:01:26,581 INFO  [IPC Server handler 0 on 9000] blockmanagement.DatanodeDescriptor (DatanodeDescriptor.java:updateHeartbeatState(451)) - Number of failed storage changes from 0 to 0
2017-10-20 12:01:26,583 INFO  [IPC Server handler 0 on 9000] net.NetworkTopology (NetworkTopology.java:add(419)) - Adding a new node: /default-rack/10.4.1.102:50010
2017-10-20 12:01:26,705 INFO  [IPC Server handler 1 on 9000] blockmanagement.DatanodeDescriptor (DatanodeDescriptor.java:updateHeartbeatState(451)) - Number of failed storage changes from 0 to 0
2017-10-20 12:01:26,705 INFO  [IPC Server handler 1 on 9000] blockmanagement.DatanodeDescriptor (DatanodeDescriptor.java:updateStorage(867)) - Adding new storage ID DS-4e3e31c5-7b61-4557-b72d-c364cc48716c for DN 10.4.1.102:50010
2017-10-20 12:01:26,781 INFO  [IPC Server handler 2 on 9000] BlockStateChange (BlockManager.java:processReport(1859)) - BLOCK* processReport: from storage DS-4e3e31c5-7b61-4557-b72d-c364cc48716c node DatanodeRegistration(10.4.1.102:50010, datanodeUuid=10039572-5983-4a38-ba60-25865c120e15, infoPort=50075, infoSecurePort=0, ipcPort=50020, storageInfo=lv=-56;cid=CID-38813bff-3c90-462c-b86f-6d65cac21388;nsid=365376368;c=0), blocks: 0, hasStaleStorage: false, processing time: 2 msecs
2017-10-20 12:01:30,350 INFO  [IPC Server handler 1 on 9000] hdfs.StateChange (DatanodeManager.java:registerDatanode(879)) - BLOCK* registerDatanode: from DatanodeRegistration(10.4.1.104:50010, datanodeUuid=e695718b-a455-4526-a5a7-0dfa321f350b, infoPort=50075, infoSecurePort=0, ipcPort=50020, storageInfo=lv=-56;cid=CID-38813bff-3c90-462c-b86f-6d65cac21388;nsid=365376368;c=0) storage e695718b-a455-4526-a5a7-0dfa321f350b
2017-10-20 12:01:30,351 INFO  [IPC Server handler 1 on 9000] blockmanagement.DatanodeDescriptor (DatanodeDescriptor.java:updateHeartbeatState(451)) - Number of failed storage changes from 0 to 0
2017-10-20 12:01:30,352 INFO  [IPC Server handler 1 on 9000] net.NetworkTopology (NetworkTopology.java:add(419)) - Adding a new node: /default-rack/10.4.1.104:50010
2017-10-20 12:01:30,441 INFO  [IPC Server handler 2 on 9000] blockmanagement.DatanodeDescriptor (DatanodeDescriptor.java:updateHeartbeatState(451)) - Number of failed storage changes from 0 to 0
2017-10-20 12:01:30,441 INFO  [IPC Server handler 2 on 9000] blockmanagement.DatanodeDescriptor (DatanodeDescriptor.java:updateStorage(867)) - Adding new storage ID DS-41429e1a-3481-427a-ab5e-78523c444bf5 for DN 10.4.1.104:50010
2017-10-20 12:01:30,482 INFO  [IPC Server handler 5 on 9000] BlockStateChange (BlockManager.java:processReport(1859)) - BLOCK* processReport: from storage DS-41429e1a-3481-427a-ab5e-78523c444bf5 node DatanodeRegistration(10.4.1.104:50010, datanodeUuid=e695718b-a455-4526-a5a7-0dfa321f350b, infoPort=50075, infoSecurePort=0, ipcPort=50020, storageInfo=lv=-56;cid=CID-38813bff-3c90-462c-b86f-6d65cac21388;nsid=365376368;c=0), blocks: 0, hasStaleStorage: false, processing time: 1 msecs
2017-10-20 12:01:30,843 INFO  [IPC Server handler 3 on 9000] hdfs.StateChange (DatanodeManager.java:registerDatanode(879)) - BLOCK* registerDatanode: from DatanodeRegistration(10.4.1.105:50010, datanodeUuid=7f24df28-c61e-43c3-9010-e06335cf51d2, infoPort=50075, infoSecurePort=0, ipcPort=50020, storageInfo=lv=-56;cid=CID-38813bff-3c90-462c-b86f-6d65cac21388;nsid=365376368;c=0) storage 7f24df28-c61e-43c3-9010-e06335cf51d2
2017-10-20 12:01:30,843 INFO  [IPC Server handler 3 on 9000] blockmanagement.DatanodeDescriptor (DatanodeDescriptor.java:updateHeartbeatState(451)) - Number of failed storage changes from 0 to 0
2017-10-20 12:01:30,844 INFO  [IPC Server handler 3 on 9000] net.NetworkTopology (NetworkTopology.java:add(419)) - Adding a new node: /default-rack/10.4.1.105:50010
2017-10-20 12:01:30,925 INFO  [IPC Server handler 4 on 9000] blockmanagement.DatanodeDescriptor (DatanodeDescriptor.java:updateHeartbeatState(451)) - Number of failed storage changes from 0 to 0
2017-10-20 12:01:30,926 INFO  [IPC Server handler 4 on 9000] blockmanagement.DatanodeDescriptor (DatanodeDescriptor.java:updateStorage(867)) - Adding new storage ID DS-3b2cff5c-f16c-4c6c-abfb-ecb7dc888a82 for DN 10.4.1.105:50010
2017-10-20 12:01:30,975 INFO  [IPC Server handler 7 on 9000] BlockStateChange (BlockManager.java:processReport(1859)) - BLOCK* processReport: from storage DS-3b2cff5c-f16c-4c6c-abfb-ecb7dc888a82 node DatanodeRegistration(10.4.1.105:50010, datanodeUuid=7f24df28-c61e-43c3-9010-e06335cf51d2, infoPort=50075, infoSecurePort=0, ipcPort=50020, storageInfo=lv=-56;cid=CID-38813bff-3c90-462c-b86f-6d65cac21388;nsid=365376368;c=0), blocks: 0, hasStaleStorage: false, processing time: 0 msecs
2017-10-20 12:01:31,268 INFO  [IPC Server handler 1 on 9000] hdfs.StateChange (DatanodeManager.java:registerDatanode(879)) - BLOCK* registerDatanode: from DatanodeRegistration(10.4.1.103:50010, datanodeUuid=d43ad334-7d26-495d-9d19-bda4790033d7, infoPort=50075, infoSecurePort=0, ipcPort=50020, storageInfo=lv=-56;cid=CID-38813bff-3c90-462c-b86f-6d65cac21388;nsid=365376368;c=0) storage d43ad334-7d26-495d-9d19-bda4790033d7
2017-10-20 12:01:31,269 INFO  [IPC Server handler 1 on 9000] blockmanagement.DatanodeDescriptor (DatanodeDescriptor.java:updateHeartbeatState(451)) - Number of failed storage changes from 0 to 0
2017-10-20 12:01:31,270 INFO  [IPC Server handler 1 on 9000] net.NetworkTopology (NetworkTopology.java:add(419)) - Adding a new node: /default-rack/10.4.1.103:50010
2017-10-20 12:01:31,378 INFO  [IPC Server handler 2 on 9000] blockmanagement.DatanodeDescriptor (DatanodeDescriptor.java:updateHeartbeatState(451)) - Number of failed storage changes from 0 to 0
2017-10-20 12:01:31,379 INFO  [IPC Server handler 2 on 9000] blockmanagement.DatanodeDescriptor (DatanodeDescriptor.java:updateStorage(867)) - Adding new storage ID DS-347f310b-57d3-4bb6-934c-b6e5b24c12e3 for DN 10.4.1.103:50010
2017-10-20 12:01:31,450 INFO  [IPC Server handler 5 on 9000] BlockStateChange (BlockManager.java:processReport(1859)) - BLOCK* processReport: from storage DS-347f310b-57d3-4bb6-934c-b6e5b24c12e3 node DatanodeRegistration(10.4.1.103:50010, datanodeUuid=d43ad334-7d26-495d-9d19-bda4790033d7, infoPort=50075, infoSecurePort=0, ipcPort=50020, storageInfo=lv=-56;cid=CID-38813bff-3c90-462c-b86f-6d65cac21388;nsid=365376368;c=0), blocks: 0, hasStaleStorage: false, processing time: 1 msecs
2017-10-20 12:01:37,721 INFO  [IPC Server handler 7 on 9000] FSNamesystem.audit (FSNamesystem.java:logAuditMessage(8249)) - allowed=true	ugi=zsthampi (auth:SIMPLE)	ip=/10.4.1.102	cmd=getfileinfo	src=/user	dst=null	perm=null	proto=rpc
2017-10-20 12:01:37,771 INFO  [IPC Server handler 6 on 9000] FSNamesystem.audit (FSNamesystem.java:logAuditMessage(8249)) - allowed=true	ugi=zsthampi (auth:SIMPLE)	ip=/10.4.1.102	cmd=getfileinfo	src=/	dst=null	perm=null	proto=rpc
2017-10-20 12:01:37,871 INFO  [IPC Server handler 9 on 9000] FSNamesystem.audit (FSNamesystem.java:logAuditMessage(8249)) - allowed=true	ugi=zsthampi (auth:SIMPLE)	ip=/10.4.1.102	cmd=mkdirs	src=/user	dst=null	perm=zsthampi:supergroup:rwxr-xr-x	proto=rpc
2017-10-20 12:01:40,626 INFO  [IPC Server handler 7 on 9000] FSNamesystem.audit (FSNamesystem.java:logAuditMessage(8249)) - allowed=true	ugi=zsthampi (auth:SIMPLE)	ip=/10.4.1.102	cmd=getfileinfo	src=/user/zsthampi	dst=null	perm=null	proto=rpc
2017-10-20 12:01:40,675 INFO  [IPC Server handler 6 on 9000] FSNamesystem.audit (FSNamesystem.java:logAuditMessage(8249)) - allowed=true	ugi=zsthampi (auth:SIMPLE)	ip=/10.4.1.102	cmd=getfileinfo	src=/user	dst=null	perm=null	proto=rpc
2017-10-20 12:01:40,728 INFO  [IPC Server handler 9 on 9000] FSNamesystem.audit (FSNamesystem.java:logAuditMessage(8249)) - allowed=true	ugi=zsthampi (auth:SIMPLE)	ip=/10.4.1.102	cmd=mkdirs	src=/user/zsthampi	dst=null	perm=zsthampi:supergroup:rwxr-xr-x	proto=rpc
2017-10-20 12:02:31,568 INFO  [IPC Server handler 7 on 9000] namenode.FSNamesystem (FSNamesystem.java:rollEditLog(5830)) - Roll Edit Log from 10.4.1.102
2017-10-20 12:02:31,569 INFO  [IPC Server handler 7 on 9000] namenode.FSEditLog (FSEditLog.java:rollEditLog(1202)) - Rolling edit logs
2017-10-20 12:02:31,569 INFO  [IPC Server handler 7 on 9000] namenode.FSEditLog (FSEditLog.java:endCurrentLogSegment(1259)) - Ending log segment 1
2017-10-20 12:02:31,570 INFO  [IPC Server handler 7 on 9000] namenode.FSEditLog (FSEditLog.java:printStatistics(699)) - Number of transactions: 4 Total time for transactions(ms): 20 Number of transactions batched in Syncs: 0 Number of syncs: 4 SyncTimes(ms): 94 
2017-10-20 12:02:31,577 INFO  [IPC Server handler 7 on 9000] namenode.FSEditLog (FSEditLog.java:printStatistics(699)) - Number of transactions: 4 Total time for transactions(ms): 20 Number of transactions batched in Syncs: 0 Number of syncs: 5 SyncTimes(ms): 101 
2017-10-20 12:02:31,579 INFO  [IPC Server handler 7 on 9000] namenode.FileJournalManager (FileJournalManager.java:finalizeLogSegment(133)) - Finalizing edits file /tmp/zsthampi/name/current/edits_inprogress_0000000000000000001 -> /tmp/zsthampi/name/current/edits_0000000000000000001-0000000000000000004
2017-10-20 12:02:31,586 INFO  [IPC Server handler 7 on 9000] namenode.FSEditLog (FSEditLog.java:startLogSegment(1218)) - Starting log segment at 5
2017-10-20 12:02:33,270 INFO  [194707680@qtp-681094281-0] namenode.TransferFsImage (TransferFsImage.java:receiveFile(553)) - Transfer took 0.04s at 0.00 KB/s
2017-10-20 12:02:33,271 INFO  [194707680@qtp-681094281-0] namenode.TransferFsImage (TransferFsImage.java:handleUploadImageRequest(134)) - Downloaded file fsimage.ckpt_0000000000000000004 size 499 bytes.
2017-10-20 12:02:33,308 INFO  [194707680@qtp-681094281-0] namenode.NNStorageRetentionManager (NNStorageRetentionManager.java:getImageTxIdToRetain(203)) - Going to retain 2 images with txid >= 0
2017-10-20 12:04:02,541 INFO  [IPC Server handler 7 on 9000] FSNamesystem.audit (FSNamesystem.java:logAuditMessage(8249)) - allowed=true	ugi=zsthampi (auth:SIMPLE)	ip=/10.4.1.102	cmd=getfileinfo	src=/user	dst=null	perm=null	proto=rpc
2017-10-20 12:04:02,638 INFO  [IPC Server handler 9 on 9000] FSNamesystem.audit (FSNamesystem.java:logAuditMessage(8249)) - allowed=true	ugi=zsthampi (auth:SIMPLE)	ip=/10.4.1.102	cmd=listStatus	src=/user	dst=null	perm=null	proto=rpc
